"../../../Engine/Content/Functions/Engine_MaterialFunctions01/Opacity/CameraDepthFade.uasset" 0
"../../../Engine/Content/EngineMaterials/T_Default_Material_Grid_M.uasset" 1
"../../../Engine/Content/EngineMaterials/T_Default_Material_Grid_N.uasset" 2
"../../../Engine/Content/EngineMaterials/WorldGridMaterial.uasset" 3
"../../../Engine/Content/ArtTools/RenderToTexture/Meshes/S_1_Unit_Plane.uasset" 4
"../../../Engine/Content/EngineMaterials/DefaultMaterial.uasset" 5
"../../../Engine/Content/BasicShapes/Cone.uasset" 6
"../../../Engine/Content/BasicShapes/Cube.uasset" 7
"../../../Engine/Content/BasicShapes/Cylinder.uasset" 8
"../../../Engine/Content/BasicShapes/Plane.uasset" 9
"../../../Engine/Content/EditorLandscapeResources/DataLayer.uasset" 10
"../../../Engine/Content/EditorMaterials/GizmoMaterial.uasset" 11
"../../../Engine/Content/EditorMaterials/MAT_Groups_Toggle.uasset" 12
"../../../Engine/Content/EditorMaterials/MAT_Groups_Visibility.uasset" 13
"../../../Engine/Content/EditorMaterials/PreviewShadowIndicator.uasset" 14
"../../../Engine/Content/EditorMaterials/PreviewShadowIndicatorMaterial.uasset" 15
"../../../Engine/Content/EditorMaterials/MatineeGroups/MAT_ColorTrack.uasset" 16
"../../../Engine/Content/EditorMaterials/MatineeGroups/MAT_Groups_Anim.uasset" 17
"../../../Engine/Content/EditorMaterials/MatineeGroups/MAT_Groups_AudioMaster.uasset" 18
"../../../Engine/Content/EditorMaterials/MatineeGroups/MAT_Groups_Director.uasset" 19
"../../../Engine/Content/EditorMaterials/MatineeGroups/MAT_Groups_Event.uasset" 20
"../../../Engine/Content/EditorMaterials/MatineeGroups/MAT_Groups_Fade.uasset" 21
"../../../Engine/Content/EditorMaterials/MatineeGroups/MAT_Groups_Float.uasset" 22
"../../../Engine/Content/EditorMaterials/MatineeGroups/MAT_Groups_Move.uasset" 23
"../../../Engine/Content/EditorMaterials/MatineeGroups/MAT_Groups_Slomo.uasset" 24
"../../../Engine/Content/EditorMaterials/MatineeGroups/MAT_Groups_Sound.uasset" 25
"../../../Engine/Content/EditorMaterials/MatineeGroups/MAT_Groups_Vector.uasset" 26
"../../../Engine/Content/EditorMaterials/ParticleSystems/PSysThumbnail_NoImage.uasset" 27
"../../../Engine/Content/EditorMaterials/ParticleSystems/PSysThumbnail_OOD.uasset" 28
"../../../Engine/Content/EditorMaterials/Camera/CineMat.uasset" 29
"../../../Engine/Content/EditorMaterials/Camera/MI_CineMat_Rig.uasset" 30
"../../../Engine/Content/EditorMeshes/Camera/SM_CraneRig_Arm.uasset" 31
"../../../Engine/Content/EditorMeshes/Camera/SM_CraneRig_Base.uasset" 32
"../../../Engine/Content/EditorMeshes/Camera/SM_CraneRig_Body.uasset" 33
"../../../Engine/Content/EditorMeshes/Camera/SM_CraneRig_Mount.uasset" 34
"../../../Engine/Content/EditorMeshes/Camera/SM_RailRig_Mount.uasset" 35
"../../../Engine/Content/EditorMeshes/Camera/SM_RailRig_Track.uasset" 36
"../../../Engine/Content/EditorResources/BSPVertex.uasset" 37
"../../../Engine/Content/EditorResources/EmptyActor.uasset" 38
"../../../Engine/Content/EditorResources/S_Actor.uasset" 39
"../../../Engine/Content/EditorResources/S_Trigger.uasset" 40
"../../../Engine/Content/EditorResources/LightIcons/S_LightError.uasset" 41
"../../../Engine/Content/EditorResources/SequenceRecorder/Countdown.uasset" 42
"../../../Engine/Content/EditorResources/SequenceRecorder/RecordingIndicator.uasset" 43
"../../../Engine/Content/EditorSounds/Notifications/CompileFailed.uasset" 44
"../../../Engine/Content/EditorSounds/Notifications/CompileFailed_Cue.uasset" 45
"../../../Engine/Content/EditorSounds/Notifications/CompileSuccess.uasset" 46
"../../../Engine/Content/EditorSounds/Notifications/CompileStart_Cue.uasset" 47
"../../../Engine/Content/EditorSounds/Notifications/CompileSuccess_Cue.uasset" 48
"../../../Engine/Content/EngineDamageTypes/DmgTypeBP_Environmental.uasset" 49
"../../../Engine/Content/EngineDebugMaterials/HeatmapGradient.uasset" 50
"../../../Engine/Content/EngineDebugMaterials/BoneWeightMaterial.uasset" 51
"../../../Engine/Content/EngineDebugMaterials/ClothMaterial.uasset" 52
"../../../Engine/Content/EngineDebugMaterials/ClothMaterial_WF.uasset" 53
"../../../Engine/Content/EngineDebugMaterials/DebugEditorMaterial.uasset" 54
"../../../Engine/Content/EngineDebugMaterials/DebugMeshMaterial.uasset" 55
"../../../Engine/Content/EngineDebugMaterials/GeomMaterial.uasset" 56
"../../../Engine/Content/EngineDebugMaterials/M_SimpleTranslucent.uasset" 57
"../../../Engine/Content/EngineFonts/Faces/RobotoBold.uasset" 58
"../../../Engine/Content/EngineFonts/Faces/RobotoBoldItalic.uasset" 59
"../../../Engine/Content/EngineFonts/Faces/RobotoItalic.uasset" 60
"../../../Engine/Content/EngineFonts/Faces/RobotoLight.uasset" 61
"../../../Engine/Content/EngineFonts/Faces/RobotoRegular.uasset" 62
"../../../Engine/Content/EngineFonts/Roboto.uasset" 63
"../../../Engine/Content/EngineFonts/Faces/RobotoTiny.uasset" 64
"../../../Engine/Content/EngineFonts/RobotoTiny.uasset" 65
"../../../Engine/Content/EngineMaterials/BaseFlattenDiffuseMap.uasset" 66
"../../../Engine/Content/EngineMaterials/BaseFlattenEmissiveMap.uasset" 67
"../../../Engine/Content/EngineMaterials/BaseFlattenGrayscaleMap.uasset" 68
"../../../Engine/Content/EngineMaterials/BaseFlattenNormalMap.uasset" 69
"../../../Engine/Content/EngineMaterials/BaseFlattenMaterial.uasset" 70
"../../../Engine/Content/EngineMaterials/DefaultBloomKernel.uasset" 71
"../../../Engine/Content/EngineMaterials/DefaultBokeh.uasset" 72
"../../../Engine/Content/EngineMaterials/DefaultDiffuse.uasset" 73
"../../../Engine/Content/EngineMaterials/DefaultDeferredDecalMaterial.uasset" 74
"../../../Engine/Content/EngineMaterials/DefaultLightFunctionMaterial.uasset" 75
"../../../Engine/Content/Functions/Engine_MaterialFunctions02/Utility/BreakOutFloat2Components.uasset" 76
"../../../Engine/Content/EngineMaterials/DefaultPostProcessMaterial.uasset" 77
"../../../Engine/Content/EngineFonts/RobotoDistanceField.uasset" 78
"../../../Engine/Content/EngineMaterials/DefaultTextMaterialOpaque.uasset" 79
"../../../Engine/Content/EngineMaterials/DefaultWhiteGrid.uasset" 80
"../../../Engine/Content/EngineMaterials/EditorBrushMaterial.uasset" 81
"../../../Engine/Content/EngineMaterials/Good64x64TilingNoiseHighFreq.uasset" 82
"../../../Engine/Content/EngineMaterials/MiniFont.uasset" 83
"../../../Engine/Content/EngineMaterials/InvalidLightmapSettings.uasset" 84
"../../../Engine/Content/EngineMaterials/M_InvalidLightmapSettings.uasset" 85
"../../../Engine/Content/Functions/Engine_MaterialFunctions02/WorldPositionOffset/CameraOffset.uasset" 86
"../../../Engine/Content/EngineMaterials/PhAT_JointLimitMaterial.uasset" 87
"../../../Engine/Content/EngineMaterials/PreintegratedSkinBRDF.uasset" 88
"../../../Engine/Content/EngineMaterials/RemoveSurfaceMaterial.uasset" 89
"../../../Engine/Content/EngineMaterials/WeightMapPlaceholderTexture.uasset" 90
"../../../Engine/Content/EngineResources/WhiteSquareTexture.uasset" 91
"../../../Engine/Content/EngineMaterials/Widget3DPassThrough.uasset" 92
"../../../Engine/Content/EngineMaterials/Widget3DPassThrough_Masked.uasset" 93
"../../../Engine/Content/EngineMaterials/Widget3DPassThrough_Opaque.uasset" 94
"../../../Engine/Content/EngineMaterials/Widget3DPassThrough_Masked_OneSided.uasset" 95
"../../../Engine/Content/EngineMaterials/Widget3DPassThrough_Opaque_OneSided.uasset" 96
"../../../Engine/Content/EngineMaterials/Widget3DPassThrough_Translucent.uasset" 97
"../../../Engine/Content/EngineMaterials/Widget3DPassThrough_Translucent_OneSided.uasset" 98
"../../../Engine/Content/EngineMeshes/Cylinder.uasset" 99
"../../../Engine/Content/EngineMeshes/Sphere.uasset" 100
"../../../Engine/Content/EngineResources/Black.uasset" 101
"../../../Engine/Content/EngineResources/DefaultTexture.uasset" 102
"../../../Engine/Content/EngineResources/DefaultTextureCube.uasset" 103
"../../../Engine/Content/EngineResources/DefaultVolumeTexture2D.uasset" 104
"../../../Engine/Content/EngineResources/DefaultVolumeTexture.uasset" 105
"../../../Engine/Content/EngineResources/GradientTexture0.uasset" 106
"../../../Engine/Content/EngineSounds/Master.uasset" 107
"../../../Engine/Content/Functions/Engine_MaterialFunctions01/Shading/ConvertFromDiffSpec.uasset" 108
"../../../Engine/Content/Functions/Engine_MaterialFunctions01/Shading/PowerToRoughness.uasset" 109
"../../../Engine/Content/Maps/Templates/Thumbnails/Default.uasset" 110
"../../../Engine/Content/Maps/Templates/Thumbnails/VR-Basic.uasset" 111
"../../../Engine/Content/MobileResources/T_MobileControls_texture.uasset" 112
"../../../Engine/Content/MobileResources/T_MobileMenu2.uasset" 113
"../../../Engine/Content/MobileResources/HUD/AnalogHat.uasset" 114
"../../../Engine/Content/MobileResources/HUD/VirtualJoystick_Background.uasset" 115
"../../../Engine/Content/MobileResources/HUD/VirtualJoystick_Thumb.uasset" 116
"../../../Engine/Content/MobileResources/HUD/DefaultVirtualJoysticks.uasset" 117
"../../../Engine/Content/MobileResources/HUD/LeftVirtualJoystickOnly.uasset" 118
"../../../Engine/Content/MobileResources/HUD/MobileHUDButton1_off.uasset" 119
"../../../Engine/Content/MobileResources/HUD/MobileHUDButton1_on.uasset" 120
"../../../Engine/Content/MobileResources/HUD/MobileHUDButton2_off.uasset" 121
"../../../Engine/Content/MobileResources/HUD/MobileHUDButton2_on.uasset" 122
"../../../Engine/Content/MobileResources/HUD/MobileHUDButton3.uasset" 123
"../../../Engine/Content/MobileResources/HUD/MobileHUDButtonFire.uasset" 124
"../../../Engine/Content/MobileResources/HUD/MobileHUDDirectionPad.uasset" 125
"../../../Engine/Content/MobileResources/HUD/MobileHUDDirectionPad2.uasset" 126
"../../../Engine/Content/MobileResources/HUD/MobileHUDDirectionPad3.uasset" 127
"../../../Engine/Content/MobileResources/HUD/MobileHUDDirectionStick.uasset" 128
"../../../Engine/Content/MobileResources/HUD/T_Castle_ThumbstickInner.uasset" 129
"../../../Engine/Content/MobileResources/HUD/T_Castle_ThumbstickOutter.uasset" 130
"../../../Engine/Content/Tutorial/ContentIntroCurve.uasset" 131
"../../../Engine/Content/VREditor/LaserPointer/VR_LaserPower_01.uasset" 132
"../../../Engine/Content/VREditor/TransformGizmo/TransformGizmoMaterial.uasset" 133
"../../../Engine/Content/VREditor/TransformGizmo/TranslucentTransformGizmoMaterial.uasset" 134
"../../../Engine/Content/VREditor/TransformGizmo/BoundingBoxCorner.uasset" 135
"../../../Engine/Content/VREditor/TransformGizmo/BoundingBoxEdge.uasset" 136
"../../../Engine/Content/VREditor/TransformGizmo/PlaneTranslationHandle.uasset" 137
"../../../Engine/Content/VREditor/TransformGizmo/Main.uasset" 138
"../../../Engine/Content/VREditor/TransformGizmo/Xray.uasset" 139
"../../../Engine/Content/VREditor/TransformGizmo/SM_Sequencer_Key.uasset" 140
"../../../Engine/Content/VREditor/TransformGizmo/SM_Sequencer_Node.uasset" 141
"../../Plugins/2D/Paper2D/Content/PlaceholderTextures/DummySpriteTexture.uasset" 142
"../../Plugins/2D/Paper2D/Content/DummySprite.uasset" 143
"../../Plugins/2D/Paper2D/Content/DefaultPaperTerrainMaterial.uasset" 144
"../../Plugins/2D/Paper2D/Content/DefaultSpriteMaterial.uasset" 145
"../../Plugins/2D/Paper2D/Content/MaskedUnlitSpriteMaterial.uasset" 146
"../../Plugins/2D/Paper2D/Content/OpaqueUnlitSpriteMaterial.uasset" 147
"../../Plugins/Runtime/Oculus/OculusVR/Content/Materials/PokeAHoleMaterial.uasset" 148
"../../Plugins/Runtime/Oculus/OculusVR/Content/Textures/GearVRController_AO.uasset" 149
"../../Plugins/Runtime/Oculus/OculusVR/Content/Textures/GearVRController_Color.uasset" 150
"../../Plugins/Runtime/Oculus/OculusVR/Content/Textures/GearVRController_Normal.uasset" 151
"../../Plugins/Runtime/Oculus/OculusVR/Content/Materials/GearVRControllerMaterial.uasset" 152
"../../Plugins/Runtime/Oculus/OculusVR/Content/Meshes/GearVrController.uasset" 153
"../../Plugins/Runtime/Oculus/OculusVR/Content/Textures/touchController_albedo.uasset" 154
"../../Plugins/Runtime/Oculus/OculusVR/Content/Textures/touchController_controlmap.uasset" 155
"../../Plugins/Runtime/Oculus/OculusVR/Content/Materials/touchController_mat.uasset" 156
"../../Plugins/Runtime/Oculus/OculusVR/Content/Meshes/LeftTouchController.uasset" 157
"../../Plugins/Runtime/Oculus/OculusVR/Content/Meshes/RiftHMD.uasset" 158
"../../Plugins/Runtime/Oculus/OculusVR/Content/Meshes/RightTouchController.uasset" 159
"../../../Engine/Content/EditorBlueprintResources/StandardMacros.uasset" 160
"../../../../../../Users/Student/Desktop/AI Master 10-30/Content/ThirdPersonBP/Blueprints/AI/CombatInterface.uasset" 161
"../../../../../../Users/Student/Desktop/AI Master 10-30/Content/ThirdPersonBP/Blueprints/AI/ChaseStatus.uasset" 162
"../../../../../../Users/Student/Desktop/AI Master 10-30/Content/ThirdPersonBP/Blueprints/AI/EnemyBB.uasset" 163
"../../../../../../Users/Student/Desktop/AI Master 10-30/Content/ThirdPersonBP/Blueprints/AI/ChangeAiSpeed.uasset" 164
"../../../../../../Users/Student/Desktop/AI Master 10-30/Content/ThirdPersonBP/Blueprints/AI/ChangeChaseStatus.uasset" 165
"../../../../../../Users/Student/Desktop/AI Master 10-30/Content/ThirdPersonBP/Blueprints/AI/ChasePlayer.uasset" 166
"../../../../../../Users/Student/Desktop/AI Master 10-30/Content/ThirdPersonBP/Blueprints/Characters/BigBoi/Weapon/2Scale_Rifle.uasset" 167
"../../../../../../Users/Student/Desktop/AI Master 10-30/Content/ThirdPersonBP/Blueprints/Characters/BigBoi/Weapon/Rifle.uasset" 168
"../../../../../../Users/Student/Desktop/AI Master 10-30/Content/ThirdPersonBP/Blueprints/AI/DestroyEnemy.uasset" 169
"../../../../../../Users/Student/Desktop/AI Master 10-30/Content/ThirdPersonBP/Blueprints/AI/DrawWeapon.uasset" 170
"../../../../../../Users/Student/Desktop/AI Master 10-30/Content/ThirdPersonBP/Blueprints/AI/BPPatrolRoute.uasset" 171
"../../../../../../Users/Student/Desktop/AI Master 10-30/Content/ThirdPersonBP/Blueprints/AI/FindPatrolRoutePoint.uasset" 172
"../../../../../../Users/Student/Desktop/AI Master 10-30/Content/ThirdPersonBP/Blueprints/AI/FindRandLoc.uasset" 173
"../../../../../../Users/Student/Desktop/AI Master 10-30/Content/ThirdPersonBP/Blueprints/AI/FireWeaponAtPlayer.uasset" 174
"../../../../../../Users/Student/Desktop/AI Master 10-30/Content/ThirdPersonBP/Blueprints/AI/HolsterWeapon.uasset" 175
"../../../../../../Users/Student/Desktop/AI Master 10-30/Content/ThirdPersonBP/Blueprints/AI/LocatePlayer.uasset" 176
"../../../../../../Users/Student/Desktop/AI Master 10-30/Content/ThirdPersonBP/Blueprints/AI/PatrolRouteIncrement.uasset" 177
"../../../../../../Users/Student/Desktop/AI Master 10-30/Content/ThirdPersonBP/Blueprints/AI/PatrolRouteLoop.uasset" 178
"../../../../../../Users/Student/Desktop/AI Master 10-30/Content/ThirdPersonBP/Blueprints/AI/PatrolRouteReverse.uasset" 179
"../../../../../../Users/Student/Desktop/AI Master 10-30/Content/ThirdPersonBP/Blueprints/AI/PlayerInRange.uasset" 180
"../../../../../../Users/Student/Desktop/AI Master 10-30/Content/ThirdPersonBP/Blueprints/AI/StopInvestigating.uasset" 181
"../../../../../../Users/Student/Desktop/AI Master 10-30/Content/ThirdPersonBP/Blueprints/AI/EnemyBT.uasset" 182
"../../../../../../Users/Student/Desktop/AI Master 10-30/Content/ThirdPersonBP/Blueprints/AI/BPEnemyAI.uasset" 183
"../../../../../../Users/Student/Desktop/AI Master 10-30/Content/ThirdPersonBP/Blueprints/Characters/BigBoi/BB_base_Skeleton.uasset" 184
"../../../../../../Users/Student/Desktop/AI Master 10-30/Content/ThirdPersonBP/Blueprints/Characters/BigBoi/Animations/BB_Reload.uasset" 185
"../../../../../../Users/Student/Desktop/AI Master 10-30/Content/ThirdPersonBP/Blueprints/Characters/BigBoi/Animations/Aim1.uasset" 186
"../../../../../../Users/Student/Desktop/AI Master 10-30/Content/ThirdPersonBP/Blueprints/Characters/BigBoi/Animations/Aim2.uasset" 187
"../../../../../../Users/Student/Desktop/AI Master 10-30/Content/ThirdPersonBP/Blueprints/Characters/BigBoi/Animations/Aim3.uasset" 188
"../../../../../../Users/Student/Desktop/AI Master 10-30/Content/ThirdPersonBP/Blueprints/Characters/BigBoi/Animations/Aim4.uasset" 189
"../../../../../../Users/Student/Desktop/AI Master 10-30/Content/ThirdPersonBP/Blueprints/Characters/BigBoi/Animations/Aim5.uasset" 190
"../../../../../../Users/Student/Desktop/AI Master 10-30/Content/ThirdPersonBP/Blueprints/Characters/BigBoi/Animations/Aim6.uasset" 191
"../../../../../../Users/Student/Desktop/AI Master 10-30/Content/ThirdPersonBP/Blueprints/Characters/BigBoi/Animations/Aim7.uasset" 192
"../../../../../../Users/Student/Desktop/AI Master 10-30/Content/ThirdPersonBP/Blueprints/Characters/BigBoi/Animations/Aim8.uasset" 193
"../../../../../../Users/Student/Desktop/AI Master 10-30/Content/ThirdPersonBP/Blueprints/Characters/BigBoi/Animations/Aim9.uasset" 194
"../../../../../../Users/Student/Desktop/AI Master 10-30/Content/ThirdPersonBP/Blueprints/Characters/BigBoi/Animations/BB_AS.uasset" 195
"../../../../../../Users/Student/Desktop/AI Master 10-30/Content/ThirdPersonBP/Blueprints/Characters/BigBoi/Animations/BB_idle.uasset" 196
"../../../../../../Users/Student/Desktop/AI Master 10-30/Content/ThirdPersonBP/Blueprints/Characters/BigBoi/Animations/BB_Run.uasset" 197
"../../../../../../Users/Student/Desktop/AI Master 10-30/Content/ThirdPersonBP/Blueprints/Characters/BigBoi/Animations/BB_Walk.uasset" 198
"../../../../../../Users/Student/Desktop/AI Master 10-30/Content/ThirdPersonBP/Blueprints/Characters/BigBoi/Animations/BB_BS.uasset" 199
"../../../../../../Users/Student/Desktop/AI Master 10-30/Content/ThirdPersonBP/Blueprints/Characters/BigBoi/Animations/BB_BP.uasset" 200
"../../../../../../Users/Student/Desktop/AI Master 10-30/Content/ThirdPersonBP/Blueprints/Characters/BigBoi/jumpseq.uasset" 201
"../../../../../../Users/Student/Desktop/AI Master 10-30/Content/Mannequin/Character/Mesh/UE4_Mannequin_Skeleton.uasset" 202
"../../../../../../Users/Student/Desktop/AI Master 10-30/Content/ThirdPersonBP/Blueprints/Characters/BigBoi/BigBoi_BP.uasset" 203
"../../../../../../Users/Student/Desktop/AI Master 10-30/Content/ThirdPersonBP/Blueprints/Characters/BigBoi/Weapon/bulletglow.uasset" 204
"../../../Engine/Content/BasicShapes/Sphere.uasset" 205
"../../../../../../Users/Student/Desktop/AI Master 10-30/Content/ThirdPersonBP/Blueprints/Characters/BigBoi/Weapon/Bullet.uasset" 206
"../../../../../../Users/Student/Desktop/AI Master 10-30/Content/ThirdPersonBP/Blueprints/Characters/BigBoi/BigBoi_New_BigBoi_BaseColor.uasset" 207
"../../../../../../Users/Student/Desktop/AI Master 10-30/Content/ThirdPersonBP/Blueprints/Characters/BigBoi/BigBoi_New_BigBoi_Normal.uasset" 208
"../../../../../../Users/Student/Desktop/AI Master 10-30/Content/ThirdPersonBP/Blueprints/Characters/BigBoi/BigBoi_New_BigBoi_OcclusionRoughnessMetallic.uasset" 209
"../../../../../../Users/Student/Desktop/AI Master 10-30/Content/ThirdPersonBP/Blueprints/Characters/BigBoi/M_BigBoi.uasset" 210
"../../../../../../Users/Student/Desktop/AI Master 10-30/Content/ThirdPersonBP/Blueprints/Characters/BigBoi/lambert1.uasset" 211
"../../../../../../Users/Student/Desktop/AI Master 10-30/Content/ThirdPersonBP/Blueprints/Characters/BigBoi/BB_base_PhysicsAsset.uasset" 212
"../../../../../../Users/Student/Desktop/AI Master 10-30/Content/ThirdPersonBP/Blueprints/Characters/BigBoi/BB_base.uasset" 213
"../../../../../../Users/Student/Desktop/AI Master 10-30/Content/ThirdPersonBP/Blueprints/UI/reticule_dot.uasset" 214
"../../../../../../Users/Student/Desktop/AI Master 10-30/Content/ThirdPersonBP/Blueprints/UI/HUD.uasset" 215
"../../../../../../Users/Student/Desktop/AI Master 10-30/Content/ThirdPersonBP/Blueprints/UI/PauseMenu.uasset" 216
"../../../../../../Users/Student/Desktop/AI Master 10-30/Content/ThirdPersonBP/Blueprints/Characters/BigBoi/BigBoi_Char.uasset" 217
"../../../../../../Users/Student/Desktop/AI Master 10-30/Content/ThirdPersonBP/Blueprints/Characters/BigBoi/Weapon/DamageInfo.uasset" 218
"../../../../../../Users/Student/Desktop/AI Master 10-30/Content/ThirdPersonBP/Blueprints/Characters/Ai/NewEnemy_EnemyBoi_BaseColor.uasset" 219
"../../../../../../Users/Student/Desktop/AI Master 10-30/Content/ThirdPersonBP/Blueprints/Characters/Ai/NewEnemy_EnemyBoi_Normal.uasset" 220
"../../../../../../Users/Student/Desktop/AI Master 10-30/Content/ThirdPersonBP/Blueprints/Characters/Ai/NewEnemy_EnemyBoi_OcclusionRoughnessMetallic.uasset" 221
"../../../../../../Users/Student/Desktop/AI Master 10-30/Content/ThirdPersonBP/Blueprints/Characters/Ai/M_EnemyAI.uasset" 222
"../../../../../../Users/Student/Desktop/AI Master 10-30/Content/ThirdPersonBP/Blueprints/Characters/Ai/NewEnemy_PhysicsAsset.uasset" 223
"../../../../../../Users/Student/Desktop/AI Master 10-30/Content/ThirdPersonBP/Blueprints/Characters/Ai/NewEnemy_Skeleton.uasset" 224
"../../../../../../Users/Student/Desktop/AI Master 10-30/Content/ThirdPersonBP/Blueprints/Characters/Ai/NewEnemy.uasset" 225
"../../../../../../Users/Student/Desktop/AI Master 10-30/Content/ThirdPersonBP/Blueprints/AI/EnemyAi.uasset" 226
"../../../../../../Users/Student/Desktop/AI Master 10-30/Content/ThirdPersonBP/Blueprints/Characters/Ai/Enemy_BP.uasset" 227
"../../../../../../Users/Student/Desktop/AI Master 10-30/Content/ThirdPersonBP/Blueprints/Characters/LittleBoi/LB_base_Skeleton.uasset" 228
"../../../../../../Users/Student/Desktop/AI Master 10-30/Content/ThirdPersonBP/Blueprints/Characters/LittleBoi/LB_animations/littleBoi_antennaSpin.uasset" 229
"../../../../../../Users/Student/Desktop/AI Master 10-30/Content/ThirdPersonBP/Blueprints/Characters/LittleBoi/LB_animations/littleBoi_fire.uasset" 230
"../../../../../../Users/Student/Desktop/AI Master 10-30/Content/ThirdPersonBP/Blueprints/Characters/LittleBoi/LB_animations/littleBoi_flip.uasset" 231
"../../../../../../Users/Student/Desktop/AI Master 10-30/Content/ThirdPersonBP/Blueprints/Characters/LittleBoi/LB_animations/LB_aim/LBaim_down.uasset" 232
"../../../../../../Users/Student/Desktop/AI Master 10-30/Content/ThirdPersonBP/Blueprints/Characters/LittleBoi/LB_animations/LB_aim/LBaim_left.uasset" 233
"../../../../../../Users/Student/Desktop/AI Master 10-30/Content/ThirdPersonBP/Blueprints/Characters/LittleBoi/LB_animations/LB_aim/LBaim_right.uasset" 234
"../../../../../../Users/Student/Desktop/AI Master 10-30/Content/ThirdPersonBP/Blueprints/Characters/LittleBoi/LB_animations/LB_aim/LBaim_up.uasset" 235
"../../../../../../Users/Student/Desktop/AI Master 10-30/Content/ThirdPersonBP/Blueprints/Characters/LittleBoi/LBaim_BS.uasset" 236
"../../../../../../Users/Student/Desktop/AI Master 10-30/Content/ThirdPersonBP/Blueprints/Characters/LittleBoi/LB_animations/littleBoi_moveBackward.uasset" 237
"../../../../../../Users/Student/Desktop/AI Master 10-30/Content/ThirdPersonBP/Blueprints/Characters/LittleBoi/LB_animations/littleBoi_moveForward.uasset" 238
"../../../../../../Users/Student/Desktop/AI Master 10-30/Content/ThirdPersonBP/Blueprints/Characters/LittleBoi/LB_animations/littleBoi_turnLeft.uasset" 239
"../../../../../../Users/Student/Desktop/AI Master 10-30/Content/ThirdPersonBP/Blueprints/Characters/LittleBoi/LB_animations/littleBoi_turnRight.uasset" 240
"../../../../../../Users/Student/Desktop/AI Master 10-30/Content/ThirdPersonBP/Blueprints/Characters/LittleBoi/LBwheel_BS.uasset" 241
"../../../../../../Users/Student/Desktop/AI Master 10-30/Content/ThirdPersonBP/Blueprints/Characters/LittleBoi/LB_animBP.uasset" 242
"../../../../../../Users/Student/Desktop/AI Master 10-30/Content/ThirdPersonBP/Blueprints/Characters/LittleBoi/treadSpeedValues.uasset" 243
"../../../../../../Users/Student/Desktop/AI Master 10-30/Content/ThirdPersonBP/Blueprints/Characters/LittleBoi/LB_textures/trashbot_Lil_Boi_BaseColor.uasset" 244
"../../../../../../Users/Student/Desktop/AI Master 10-30/Content/ThirdPersonBP/Blueprints/Characters/LittleBoi/LB_textures/trashbot_Lil_Boi_Emissive.uasset" 245
"../../../../../../Users/Student/Desktop/AI Master 10-30/Content/ThirdPersonBP/Blueprints/Characters/LittleBoi/LB_textures/trashbot_Lil_Boi_Normal.uasset" 246
"../../../../../../Users/Student/Desktop/AI Master 10-30/Content/ThirdPersonBP/Blueprints/Characters/LittleBoi/LB_textures/trashbot_Lil_Boi_OcclusionRoughnessMetallic.uasset" 247
"../../../../../../Users/Student/Desktop/AI Master 10-30/Content/ThirdPersonBP/Blueprints/Characters/LittleBoi/LB_textures/LB_body_M.uasset" 248
"../../../../../../Users/Student/Desktop/AI Master 10-30/Content/ThirdPersonBP/Blueprints/Characters/LittleBoi/LB_textures/littleBoi_treads_BaseColor.uasset" 249
"../../../../../../Users/Student/Desktop/AI Master 10-30/Content/ThirdPersonBP/Blueprints/Characters/LittleBoi/LB_textures/littleBoi_treads_Normal.uasset" 250
"../../../../../../Users/Student/Desktop/AI Master 10-30/Content/ThirdPersonBP/Blueprints/Characters/LittleBoi/LB_textures/littleBoi_treads_OcclusionRoughnessMetallic.uasset" 251
"../../../../../../Users/Student/Desktop/AI Master 10-30/Content/ThirdPersonBP/Blueprints/Characters/LittleBoi/LB_textures/LB_leftTread_M.uasset" 252
"../../../../../../Users/Student/Desktop/AI Master 10-30/Content/ThirdPersonBP/Blueprints/Characters/LittleBoi/LB_textures/LB_rightTread_M.uasset" 253
"../../../../../../Users/Student/Desktop/AI Master 10-30/Content/ThirdPersonBP/Blueprints/Characters/LittleBoi/LB_base_PhysicsAsset.uasset" 254
"../../../../../../Users/Student/Desktop/AI Master 10-30/Content/ThirdPersonBP/Blueprints/Characters/LittleBoi/LB_base.uasset" 255
"../../../../../../Users/Student/Desktop/AI Master 10-30/Content/ThirdPersonBP/Blueprints/Characters/LittleBoi/LB_UI.uasset" 256
"../../../../../../Users/Student/Desktop/AI Master 10-30/Content/ThirdPersonBP/Blueprints/Characters/LittleBoi/LB_Blueprint.uasset" 257
"../../../../../../Users/Student/Desktop/AI Master 10-30/Content/Level01and02/Rat.uasset" 258
"../../../../../../Users/Student/Desktop/AI Master 10-30/Content/Level01and02/LabRat.uasset" 259
"../../../../../../Users/Student/Desktop/AI Master 10-30/Content/Blueprints/factoryClaw/factoryClaw_base_Skeleton.uasset" 260
"../../../../../../Users/Student/Desktop/AI Master 10-30/Content/Blueprints/factoryClaw/claw_Animations/factoryClaw_anim1.uasset" 261
"../../../../../../Users/Student/Desktop/AI Master 10-30/Content/Blueprints/factoryClaw/claw_Animations/factoryClaw_anim2.uasset" 262
"../../../../../../Users/Student/Desktop/AI Master 10-30/Content/Blueprints/factoryClaw/claw_Animations/factoryClaw_anim3.uasset" 263
"../../../../../../Users/Student/Desktop/AI Master 10-30/Content/Blueprints/factoryClaw/factoryClaw_animBP.uasset" 264
"../../../../../../Users/Student/Desktop/AI Master 10-30/Content/Blueprints/factoryClaw/claw_Textures/factoryClaw_base_claw_BaseColor.uasset" 265
"../../../../../../Users/Student/Desktop/AI Master 10-30/Content/Blueprints/factoryClaw/claw_Textures/factoryClaw_base_claw_Normal.uasset" 266
"../../../../../../Users/Student/Desktop/AI Master 10-30/Content/Blueprints/factoryClaw/claw_Textures/factoryClaw_base_claw_OcclusionRoughnessMetallic.uasset" 267
"../../../../../../Users/Student/Desktop/AI Master 10-30/Content/Blueprints/factoryClaw/claw_Textures/claw_M.uasset" 268
"../../../../../../Users/Student/Desktop/AI Master 10-30/Content/Blueprints/factoryClaw/factoryClaw_base_PhysicsAsset.uasset" 269
"../../../../../../Users/Student/Desktop/AI Master 10-30/Content/Blueprints/factoryClaw/factoryClaw_base.uasset" 270
"../../../../../../Users/Student/Desktop/AI Master 10-30/Content/Blueprints/factoryClaw/factoryClaw_BP.uasset" 271
"../../../../../../Users/Student/Desktop/AI Master 10-30/Content/Blueprints/factoryDrill/factoryDrill_base_Skeleton.uasset" 272
"../../../../../../Users/Student/Desktop/AI Master 10-30/Content/Blueprints/factoryDrill/drill_Animations/factoryDrill_anim1.uasset" 273
"../../../../../../Users/Student/Desktop/AI Master 10-30/Content/Blueprints/factoryDrill/drill_Animations/factoryDrill_anim2.uasset" 274
"../../../../../../Users/Student/Desktop/AI Master 10-30/Content/Blueprints/factoryDrill/factoryDrill_animBP.uasset" 275
"../../../../../../Users/Student/Desktop/AI Master 10-30/Content/Blueprints/factoryDrill/drill_textures/factoryDrill_base_drill_BaseColor.uasset" 276
"../../../../../../Users/Student/Desktop/AI Master 10-30/Content/Blueprints/factoryDrill/drill_textures/factoryDrill_base_drill_Normal.uasset" 277
"../../../../../../Users/Student/Desktop/AI Master 10-30/Content/Blueprints/factoryDrill/drill_textures/factoryDrill_base_drill_OcclusionRoughnessMetallic.uasset" 278
"../../../../../../Users/Student/Desktop/AI Master 10-30/Content/Blueprints/factoryDrill/drill_textures/drill_M.uasset" 279
"../../../../../../Users/Student/Desktop/AI Master 10-30/Content/Blueprints/factoryDrill/factoryDrill_base_PhysicsAsset.uasset" 280
"../../../../../../Users/Student/Desktop/AI Master 10-30/Content/Blueprints/factoryDrill/factoryDrill_base.uasset" 281
"../../../../../../Users/Student/Desktop/AI Master 10-30/Content/Blueprints/factoryDrill/factoryDrill_BP.uasset" 282
"../../../../../../Users/Student/Desktop/AI Master 10-30/Content/Blueprints/factoryWelder/factoryWeld_base_Skeleton.uasset" 283
"../../../../../../Users/Student/Desktop/AI Master 10-30/Content/Blueprints/factoryWelder/welder_Animations/factoryWeld_anim1.uasset" 284
"../../../../../../Users/Student/Desktop/AI Master 10-30/Content/Blueprints/factoryWelder/welder_Animations/factoryWeld_anim2.uasset" 285
"../../../../../../Users/Student/Desktop/AI Master 10-30/Content/Blueprints/factoryWelder/welder_Animations/factoryWeld_anim3.uasset" 286
"../../../../../../Users/Student/Desktop/AI Master 10-30/Content/Blueprints/factoryWelder/factoryWelder_animBP.uasset" 287
"../../../../../../Users/Student/Desktop/AI Master 10-30/Content/Blueprints/factoryWelder/welderTextures/factoryWeld_base_welder_BaseColor.uasset" 288
"../../../../../../Users/Student/Desktop/AI Master 10-30/Content/Blueprints/factoryWelder/welderTextures/factoryWeld_base_welder_Normal.uasset" 289
"../../../../../../Users/Student/Desktop/AI Master 10-30/Content/Blueprints/factoryWelder/welderTextures/factoryWeld_base_welder_OcclusionRoughnessMetallic.uasset" 290
"../../../../../../Users/Student/Desktop/AI Master 10-30/Content/Blueprints/factoryWelder/welderTextures/welder_M.uasset" 291
"../../../../../../Users/Student/Desktop/AI Master 10-30/Content/Blueprints/factoryWelder/factoryWeld_base_PhysicsAsset.uasset" 292
"../../../../../../Users/Student/Desktop/AI Master 10-30/Content/Blueprints/factoryWelder/factoryWeld_base.uasset" 293
"../../../../../../Users/Student/Desktop/AI Master 10-30/Content/Blueprints/factoryWelder/factoryWelder_BP.uasset" 294
"../../../../../../Users/Student/Desktop/AI Master 10-30/Content/StarterContent/Textures/T_MacroVariation.uasset" 295
"../../../../../../Users/Student/Desktop/AI Master 10-30/Content/StarterContent/Materials/M_Metal_Brushed_Nickel.uasset" 296
"../../../../../../Users/Student/Desktop/AI Master 10-30/Content/Level03/mat/Emissive.uasset" 297
"../../../../../../Users/Student/Desktop/AI Master 10-30/Content/Level03/mat/Emissive_Inst.uasset" 298
"../../../../../../Users/Student/Desktop/AI Master 10-30/Content/Level03/LIGHT.uasset" 299
"../../../../../../Users/Student/Desktop/AI Master 10-30/Content/Blueprints/LIGHT2.uasset" 300
"../../../../../../Users/Student/Desktop/AI Master 10-30/Content/Level1and2_BuiltData.uasset" 301
"../../../../../../Users/Student/Desktop/AI Master 10-30/Content/Level01/material/boardEX_1001_BaseColor.uasset" 302
"../../../../../../Users/Student/Desktop/AI Master 10-30/Content/Level01/material/boardEX_1001_BaseColor_Mat.uasset" 303
"../../../../../../Users/Student/Desktop/AI Master 10-30/Content/Level01and02/Cloth.uasset" 304
"../../../../../../Users/Student/Desktop/AI Master 10-30/Content/Level01and02/Crate1.uasset" 305
"../../../../../../Users/Student/Desktop/AI Master 10-30/Content/Level01and02/material/My_Textures/Office_Carpet/Office_Carpet_Diffuse.uasset" 306
"../../../../../../Users/Student/Desktop/AI Master 10-30/Content/Level01and02/material/My_Textures/Office_Carpet/Office_Carpet_Normal.uasset" 307
"../../../../../../Users/Student/Desktop/AI Master 10-30/Content/Level01and02/material/My_Materials/Office_Carpet/M_Office_Carpet.uasset" 308
"../../../../../../Users/Student/Desktop/AI Master 10-30/Content/Level01and02/material/My_Materials/OfficeCeilings/M_OfficeCeilingsCross.uasset" 309
"../../../../../../Users/Student/Desktop/AI Master 10-30/Content/Level01and02/material/boardEX_1001_BaseColor.uasset" 310
"../../../../../../Users/Student/Desktop/AI Master 10-30/Content/Level01and02/material/boardEX_1001_Emissive.uasset" 311
"../../../../../../Users/Student/Desktop/AI Master 10-30/Content/Level01and02/material/boardEX_1001_Normal.uasset" 312
"../../../../../../Users/Student/Desktop/AI Master 10-30/Content/Level01and02/material/boardEX_1001_OcclusionRoughnessMetallic.uasset" 313
"../../../../../../Users/Student/Desktop/AI Master 10-30/Content/Level01and02/material/whiteboard.uasset" 314
"../../../../../../Users/Student/Desktop/AI Master 10-30/Content/Level01and02/materials/og.uasset" 315
"../../../../../../Users/Student/Desktop/AI Master 10-30/Content/Level01and02/materials/screen01.uasset" 316
"../../../../../../Users/Student/Desktop/AI Master 10-30/Content/Level01and02/materials/technology.uasset" 317
"../../../../../../Users/Student/Desktop/AI Master 10-30/Content/Level01and02/materials/screen02.uasset" 318
"../../../../../../Users/Student/Desktop/AI Master 10-30/Content/Level01and02/materials/videoblocks.uasset" 319
"../../../../../../Users/Student/Desktop/AI Master 10-30/Content/Level01and02/materials/screen03.uasset" 320
"../../../../../../Users/Student/Desktop/AI Master 10-30/Content/Level01and02/materials/computer_screen.uasset" 321
"../../../../../../Users/Student/Desktop/AI Master 10-30/Content/Level01and02/materials/screen04.uasset" 322
"../../../../../../Users/Student/Desktop/AI Master 10-30/Content/Level01and02/materials/ScreenShot00000.uasset" 323
"../../../../../../Users/Student/Desktop/AI Master 10-30/Content/Level01and02/materials/screen05.uasset" 324
"../../../../../../Users/Student/Desktop/AI Master 10-30/Content/Level01and02/materials/water-bubbles.uasset" 325
"../../../../../../Users/Student/Desktop/AI Master 10-30/Content/Level01and02/materials/wBump.uasset" 326
"../../../../../../Users/Student/Desktop/AI Master 10-30/Content/Level01and02/materials/water.uasset" 327
"../../../../../../Users/Student/Desktop/AI Master 10-30/Content/Level01and02/Plastic.uasset" 328
"../../../../../../Users/Student/Desktop/AI Master 10-30/Content/Level01and02/screen.uasset" 329
"../../../../../../Users/Student/Desktop/AI Master 10-30/Content/Level01and02/materials/smudge1.uasset" 330
"../../../../../../Users/Student/Desktop/AI Master 10-30/Content/Level01and02/materials/smudge1_-op.uasset" 331
"../../../../../../Users/Student/Desktop/AI Master 10-30/Content/Level01and02/smudge-002.uasset" 332
"../../../../../../Users/Student/Desktop/AI Master 10-30/Content/Level01and02/materials/smudge2.uasset" 333
"../../../../../../Users/Student/Desktop/AI Master 10-30/Content/Level01and02/materials/smudge2OP.uasset" 334
"../../../../../../Users/Student/Desktop/AI Master 10-30/Content/Level01and02/smudge4.uasset" 335
"../../../../../../Users/Student/Desktop/AI Master 10-30/Content/Level01and02/Trash_Bag.uasset" 336
"../../../Engine/Content/Functions/Engine_MaterialFunctions02/Fresnel_Function.uasset" 337
"../../../../../../Users/Student/Desktop/AI Master 10-30/Content/materials/Parent/M_Glass.uasset" 338
"../../../../../../Users/Student/Desktop/AI Master 10-30/Content/Materials/Textures/T_Hard_Plastic_Grey1_Diffuse.uasset" 339
"../../../../../../Users/Student/Desktop/AI Master 10-30/Content/Materials/Textures/T_Hard_Plastic_Grey1_Normal.uasset" 340
"../../../../../../Users/Student/Desktop/AI Master 10-30/Content/Materials/Textures/T_Hard_Plastic_Grey1_Roughness.uasset" 341
"../../../../../../Users/Student/Desktop/AI Master 10-30/Content/materials/Parent/M_HardPlastic.uasset" 342
"../../../../../../Users/Student/Desktop/AI Master 10-30/Content/materials/Textures/T_Metal8_Dirty_Diffuse.uasset" 343
"../../../../../../Users/Student/Desktop/AI Master 10-30/Content/materials/Textures/T_Metal8_Dirty_Normal.uasset" 344
"../../../../../../Users/Student/Desktop/AI Master 10-30/Content/materials/Textures/T_Metal8_Dirty_Roughness.uasset" 345
"../../../../../../Users/Student/Desktop/AI Master 10-30/Content/materials/Parent/M_Metal-Dirty.uasset" 346
"../../../../../../Users/Student/Desktop/AI Master 10-30/Content/materials/technology.uasset" 347
"../../../../../../Users/Student/Desktop/AI Master 10-30/Content/materials/screen02.uasset" 348
"../../../../../../Users/Student/Desktop/AI Master 10-30/Content/materials/computer_screen.uasset" 349
"../../../../../../Users/Student/Desktop/AI Master 10-30/Content/materials/screen04.uasset" 350
"../../../../../../Users/Student/Desktop/AI Master 10-30/Content/StarterContent/Materials/M_AssetPlatform.uasset" 351
"../../../../../../Users/Student/Desktop/AI Master 10-30/Content/StarterContent/Materials/M_Basic_Floor.uasset" 352
"../../../../../../Users/Student/Desktop/AI Master 10-30/Content/StarterContent/Materials/M_Basic_Wall.uasset" 353
"../../../../../../Users/Student/Desktop/AI Master 10-30/Content/StarterContent/Textures/T_Concrete_Poured_D.uasset" 354
"../../../../../../Users/Student/Desktop/AI Master 10-30/Content/StarterContent/Textures/T_Concrete_Poured_N.uasset" 355
"../../../../../../Users/Student/Desktop/AI Master 10-30/Content/StarterContent/Textures/T_Perlin_Noise_M.uasset" 356
"../../../../../../Users/Student/Desktop/AI Master 10-30/Content/StarterContent/Materials/M_Concrete_Poured.uasset" 357
"../../../../../../Users/Student/Desktop/AI Master 10-30/Content/StarterContent/Materials/M_Glass.uasset" 358
"../../../../../../Users/Student/Desktop/AI Master 10-30/Content/StarterContent/Textures/T_Metal_Aluminum_D.uasset" 359
"../../../../../../Users/Student/Desktop/AI Master 10-30/Content/StarterContent/Textures/T_Metal_Gold_N.uasset" 360
"../../../../../../Users/Student/Desktop/AI Master 10-30/Content/StarterContent/Materials/M_Metal_Burnished_Steel.uasset" 361
"../../../../../../Users/Student/Desktop/AI Master 10-30/Content/StarterContent/Materials/M_Metal_Chrome.uasset" 362
"../../../../../../Users/Student/Desktop/AI Master 10-30/Content/StarterContent/Textures/T_Metal_Copper_D.uasset" 363
"../../../../../../Users/Student/Desktop/AI Master 10-30/Content/StarterContent/Materials/M_Metal_Copper.uasset" 364
"../../../../../../Users/Student/Desktop/AI Master 10-30/Content/StarterContent/Textures/T_Metal_Steel_D.uasset" 365
"../../../../../../Users/Student/Desktop/AI Master 10-30/Content/StarterContent/Textures/T_Metal_Steel_N.uasset" 366
"../../../../../../Users/Student/Desktop/AI Master 10-30/Content/StarterContent/Materials/M_Metal_Steel.uasset" 367
"../../../../../../Users/Student/Desktop/AI Master 10-30/Content/StarterContent/Textures/T_Tech_Panel_M.uasset" 368
"../../../../../../Users/Student/Desktop/AI Master 10-30/Content/StarterContent/Textures/T_Tech_Panel_N.uasset" 369
"../../../../../../Users/Student/Desktop/AI Master 10-30/Content/StarterContent/Materials/M_Tech_Panel.uasset" 370
"../../../../../../Users/Student/Desktop/AI Master 10-30/Content/StarterContent/Textures/T_Wood_Pine_D.uasset" 371
"../../../../../../Users/Student/Desktop/AI Master 10-30/Content/StarterContent/Textures/T_Wood_Pine_N.uasset" 372
"../../../../../../Users/Student/Desktop/AI Master 10-30/Content/StarterContent/Materials/M_Wood_Pine.uasset" 373
"../../../../../../Users/Student/Desktop/AI Master 10-30/Content/StarterContent/Textures/T_Wood_Walnut_D.uasset" 374
"../../../../../../Users/Student/Desktop/AI Master 10-30/Content/StarterContent/Textures/T_Wood_Walnut_N.uasset" 375
"../../../../../../Users/Student/Desktop/AI Master 10-30/Content/StarterContent/Materials/M_Wood_Walnut.uasset" 376
"../../../../../../Users/Student/Desktop/AI Master 10-30/Content/Materials/Textures/T_Tile4-bathroom_Diffuse.uasset" 377
"../../../../../../Users/Student/Desktop/AI Master 10-30/Content/Materials/Textures/T_Tile4-bathroom_Normal.uasset" 378
"../../../../../../Users/Student/Desktop/AI Master 10-30/Content/Materials/Textures/T_Tile4-bathroom_Roughness.uasset" 379
"../../../../../../Users/Student/Desktop/AI Master 10-30/Content/materials/Parent/M_Bathroom_Tiles_Floor4.uasset" 380
"../../../../../../Users/Student/Desktop/AI Master 10-30/Content/materials/Material_Instance/MI_Bathroom_Tile_Floor4.uasset" 381
"../../../../../../Users/Student/Desktop/AI Master 10-30/Content/materials/Material_Instance/MI_Glass_Inst.uasset" 382
"../../../Engine/Content/EngineMaterials/BlendFunc_DefBase.uasset" 383
"../../../Engine/Content/EngineMaterials/BlendFunc_DefBlend.uasset" 384
"../../../Engine/Content/Functions/Engine_MaterialFunctions03/Blends/Blend_Overlay.uasset" 385
"../../../../../../Users/Student/Desktop/AI Master 10-30/Content/Materials/Textures/T_Cement-texture.uasset" 386
"../../../../../../Users/Student/Desktop/AI Master 10-30/Content/Materials/Parent/M_Lab_Floor_Tiled.uasset" 387
"../../../../../../Users/Student/Desktop/AI Master 10-30/Content/materials/Material_Instance/MI_Lab_Big.uasset" 388
"../../../Engine/Content/Functions/MaterialLayerFunctions/MatLayerBlend_Simple.uasset" 389
"../../../../../../Users/Student/Desktop/AI Master 10-30/Content/materials/Textures/T_MetalAluminum_normal.uasset" 390
"../../../../../../Users/Student/Desktop/AI Master 10-30/Content/materials/Parent/M_MetalPaint.uasset" 391
"../../../../../../Users/Student/Desktop/AI Master 10-30/Content/materials/Material_Instance/MI_Metal_Paint_Inst.uasset" 392
"../../../../../../Users/Student/Desktop/AI Master 10-30/Content/Materials/Textures/T_Wood3-Plank_Diffuse.uasset" 393
"../../../../../../Users/Student/Desktop/AI Master 10-30/Content/Materials/Textures/T_Wood3-Plank_Normal.uasset" 394
"../../../../../../Users/Student/Desktop/AI Master 10-30/Content/Materials/Textures/T_Wood3-Plank_Roughness.uasset" 395
"../../../../../../Users/Student/Desktop/AI Master 10-30/Content/materials/Parent/M_Wood-Plank.uasset" 396
"../../../../../../Users/Student/Desktop/AI Master 10-30/Content/Materials/Textures/T_Metal4-PowderPainted_Diffuse.uasset" 397
"../../../../../../Users/Student/Desktop/AI Master 10-30/Content/Materials/Textures/T_Metal4-PowderPainted_Normal.uasset" 398
"../../../../../../Users/Student/Desktop/AI Master 10-30/Content/Materials/Textures/T_Metal4-PowderPainted_Roughness.uasset" 399
"../../../../../../Users/Student/Desktop/AI Master 10-30/Content/materials/Material_Instance/MI_Powder_Painted_Metals_Black.uasset" 400
"../../../../../../Users/Student/Desktop/AI Master 10-30/Content/Materials/Textures/T_Metal5-PowderPainted_Diffuse.uasset" 401
"../../../../../../Users/Student/Desktop/AI Master 10-30/Content/Materials/Textures/T_Metal5-PowderPainted_Normal.uasset" 402
"../../../../../../Users/Student/Desktop/AI Master 10-30/Content/Materials/Textures/T_Metal5-PowderPainted_Roughness.uasset" 403
"../../../../../../Users/Student/Desktop/AI Master 10-30/Content/materials/Material_Instance/MI_Powder_Painted_Metals_White.uasset" 404
"../../../../../../Users/Student/Desktop/AI Master 10-30/Content/Materials/Textures/T_Metal7_S-Steel_Diffuse.uasset" 405
"../../../../../../Users/Student/Desktop/AI Master 10-30/Content/Materials/Textures/T_Metal7_S-Steel_Normal.uasset" 406
"../../../../../../Users/Student/Desktop/AI Master 10-30/Content/Materials/Textures/T_Metal7_S-Steel_Roughness.uasset" 407
"../../../../../../Users/Student/Desktop/AI Master 10-30/Content/materials/Parent/M_Metal-Steel.uasset" 408
"../../../../../../Users/Student/Desktop/AI Master 10-30/Content/materials/Material_Instance/MI_Steel_Inst.uasset" 409
"../../../../../../Users/Student/Desktop/AI Master 10-30/Content/materials/Textures/T_Wood2-Brown_Diffuse.uasset" 410
"../../../../../../Users/Student/Desktop/AI Master 10-30/Content/materials/Textures/T_Wood2-Brown_Normal.uasset" 411
"../../../../../../Users/Student/Desktop/AI Master 10-30/Content/materials/Textures/T_Wood2-Brown_Roughness.uasset" 412
"../../../../../../Users/Student/Desktop/AI Master 10-30/Content/materials/Parent/M_Wood-Brown.uasset" 413
"../../../../../../Users/Student/Desktop/AI Master 10-30/Content/materials/Material_Instance/MI_Wood-Brown.uasset" 414
"../../../../../../Users/Student/Desktop/AI Master 10-30/Content/materials/Material_Instance/MI_Wood-Plank.uasset" 415
"../../../../../../Users/Student/Desktop/AI Master 10-30/Content/Materials/Textures/T_SoftPlastic2_Diffuse.uasset" 416
"../../../../../../Users/Student/Desktop/AI Master 10-30/Content/Materials/Textures/T_SoftPlastic2_Normal.uasset" 417
"../../../../../../Users/Student/Desktop/AI Master 10-30/Content/Materials/Textures/T_SoftPlastic2_Roughness.uasset" 418
"../../../../../../Users/Student/Desktop/AI Master 10-30/Content/materials/Material_Instance/Soft_Plastic_Grey_Inst_Inst.uasset" 419
"../../../../../../Users/Student/Desktop/AI Master 10-30/Content/Materials/Textures/T_SoftPlastic1_Diffuse.uasset" 420
"../../../../../../Users/Student/Desktop/AI Master 10-30/Content/Materials/Textures/T_SoftPlastic1_Normal.uasset" 421
"../../../../../../Users/Student/Desktop/AI Master 10-30/Content/Materials/Textures/T_SoftPlastic1_Roughness.uasset" 422
"../../../../../../Users/Student/Desktop/AI Master 10-30/Content/materials/Material_Instance/Soft_Plastic_LightGrey_Inst.uasset" 423
"../../../../../../Users/Student/Desktop/AI Master 10-30/Content/Level01/brokenEx_Bglass003.uasset" 424
"../../../../../../Users/Student/Desktop/AI Master 10-30/Content/Level01/brokenEx_Bglass004.uasset" 425
"../../../../../../Users/Student/Desktop/AI Master 10-30/Content/Level01/brokenEx_Bglass01.uasset" 426
"../../../../../../Users/Student/Desktop/AI Master 10-30/Content/Level01/brokenEx_Bglass02.uasset" 427
"../../../../../../Users/Student/Desktop/AI Master 10-30/Content/Level01/brokenEx_grate001.uasset" 428
"../../../../../../Users/Student/Desktop/AI Master 10-30/Content/Level01/postersEX_white_board001.uasset" 429
"../../../../../../Users/Student/Desktop/AI Master 10-30/Content/Level01/Props/Binder.uasset" 430
"../../../../../../Users/Student/Desktop/AI Master 10-30/Content/Level01/Props/Docking_Bay.uasset" 431
"../../../../../../Users/Student/Desktop/AI Master 10-30/Content/Level01/Cardboard.uasset" 432
"../../../../../../Users/Student/Desktop/AI Master 10-30/Content/Level01/RandomOfficeBits_Cardboard_Box.uasset" 433
"../../../../../../Users/Student/Desktop/AI Master 10-30/Content/Level01/RandomOfficeBits_Cardboard_Box_Open.uasset" 434
"../../../../../../Users/Student/Desktop/AI Master 10-30/Content/Level01/Crate1.uasset" 435
"../../../../../../Users/Student/Desktop/AI Master 10-30/Content/Level01/RandomOfficeBits_Crate-open.uasset" 436
"../../../../../../Users/Student/Desktop/AI Master 10-30/Content/Level01/Paper.uasset" 437
"../../../../../../Users/Student/Desktop/AI Master 10-30/Content/Level01/RandomOfficeBits_Paper_Ball.uasset" 438
"../../../../../../Users/Student/Desktop/AI Master 10-30/Content/Level01and02/2LabTable.uasset" 439
"../../../../../../Users/Student/Desktop/AI Master 10-30/Content/Level01and02/AI_Laptop.uasset" 440
"../../../../../../Users/Student/Desktop/AI Master 10-30/Content/Level01and02/AS_KeyBoard.uasset" 441
"../../../../../../Users/Student/Desktop/AI Master 10-30/Content/Level01and02/AS_Trash_Bin.uasset" 442
"../../../../../../Users/Student/Desktop/AI Master 10-30/Content/Level01and02/BigBoi.uasset" 443
"../../../../../../Users/Student/Desktop/AI Master 10-30/Content/Level01and02/Binder.uasset" 444
"../../../../../../Users/Student/Desktop/AI Master 10-30/Content/Level01and02/bioPodBase.uasset" 445
"../../../../../../Users/Student/Desktop/AI Master 10-30/Content/Level01and02/bioPodGlass.uasset" 446
"../../../../../../Users/Student/Desktop/AI Master 10-30/Content/Level01and02/biopodtop.uasset" 447
"../../../../../../Users/Student/Desktop/AI Master 10-30/Content/Level01and02/biopodW.uasset" 448
"../../../../../../Users/Student/Desktop/AI Master 10-30/Content/Level01and02/Blowtorch.uasset" 449
"../../../../../../Users/Student/Desktop/AI Master 10-30/Content/Level01and02/boi_platform.uasset" 450
"../../../../../../Users/Student/Desktop/AI Master 10-30/Content/Level01and02/Button.uasset" 451
"../../../../../../Users/Student/Desktop/AI Master 10-30/Content/Level01and02/ClipBoard1.uasset" 452
"../../../../../../Users/Student/Desktop/AI Master 10-30/Content/Level01and02/Crate.uasset" 453
"../../../../../../Users/Student/Desktop/AI Master 10-30/Content/Level01and02/Docking_Bay.uasset" 454
"../../../../../../Users/Student/Desktop/AI Master 10-30/Content/Level01and02/Doorwide.uasset" 455
"../../../../../../Users/Student/Desktop/AI Master 10-30/Content/Level01and02/Drill.uasset" 456
"../../../../../../Users/Student/Desktop/AI Master 10-30/Content/Level01and02/File_Cabinet.uasset" 457
"../../../../../../Users/Student/Desktop/AI Master 10-30/Content/Level01and02/Floor_ceiling.uasset" 458
"../../../../../../Users/Student/Desktop/AI Master 10-30/Content/Level01and02/gun_muzzle.uasset" 459
"../../../../../../Users/Student/Desktop/AI Master 10-30/Content/Level01and02/Hammer.uasset" 460
"../../../../../../Users/Student/Desktop/AI Master 10-30/Content/Level01and02/labTable.uasset" 461
"../../../../../../Users/Student/Desktop/AI Master 10-30/Content/Level01and02/labTable02.uasset" 462
"../../../../../../Users/Student/Desktop/AI Master 10-30/Content/Level01and02/Microscope.uasset" 463
"../../../../../../Users/Student/Desktop/AI Master 10-30/Content/Level01and02/Monitor.uasset" 464
"../../../../../../Users/Student/Desktop/AI Master 10-30/Content/Level01and02/Monitor_Desk.uasset" 465
"../../../../../../Users/Student/Desktop/AI Master 10-30/Content/Level01and02/Monitor_Wall.uasset" 466
"../../../../../../Users/Student/Desktop/AI Master 10-30/Content/Level01and02/Mouse.uasset" 467
"../../../../../../Users/Student/Desktop/AI Master 10-30/Content/Level01and02/newwalls/ModularEX_DoorFrame.uasset" 468
"../../../../../../Users/Student/Desktop/AI Master 10-30/Content/Level01and02/newwalls/ModularEX_hallFrame.uasset" 469
"../../../../../../Users/Student/Desktop/AI Master 10-30/Content/Level01and02/newwalls/ModularEX_Wall.uasset" 470
"../../../../../../Users/Student/Desktop/AI Master 10-30/Content/Level01and02/newwalls/ModularEX_WallDoor.uasset" 471
"../../../../../../Users/Student/Desktop/AI Master 10-30/Content/Level01and02/newwalls/ModularEX_WallDoorWindow.uasset" 472
"../../../../../../Users/Student/Desktop/AI Master 10-30/Content/Level01and02/Material__3.uasset" 473
"../../../../../../Users/Student/Desktop/AI Master 10-30/Content/Level01and02/Material__4.uasset" 474
"../../../../../../Users/Student/Desktop/AI Master 10-30/Content/Level01and02/newwalls/Unwrapped_Hall_4Way.uasset" 475
"../../../../../../Users/Student/Desktop/AI Master 10-30/Content/Level01and02/newwalls/Unwrapped_Hall_cap.uasset" 476
"../../../../../../Users/Student/Desktop/AI Master 10-30/Content/Level01and02/newwalls/Unwrapped_Hall_hallCorner.uasset" 477
"../../../../../../Users/Student/Desktop/AI Master 10-30/Content/Level01and02/newwalls/Unwrapped_Hall_hallT.uasset" 478
"../../../../../../Users/Student/Desktop/AI Master 10-30/Content/Level01and02/newwalls/Unwrapped_Hall_ramp.uasset" 479
"../../../../../../Users/Student/Desktop/AI Master 10-30/Content/Level01and02/newwalls/Unwrapped_Hall_straight.uasset" 480
"../../../../../../Users/Student/Desktop/AI Master 10-30/Content/Level01and02/newwalls/Unwrapped_Hall_StraightDoor.uasset" 481
"../../../../../../Users/Student/Desktop/AI Master 10-30/Content/Level01and02/newwalls/Unwrapped_Hall_StraightDoor02.uasset" 482
"../../../../../../Users/Student/Desktop/AI Master 10-30/Content/Level01and02/newwalls/WallDoor.uasset" 483
"../../../../../../Users/Student/Desktop/AI Master 10-30/Content/Level01and02/obj_printer.uasset" 484
"../../../../../../Users/Student/Desktop/AI Master 10-30/Content/Level01and02/Metal.uasset" 485
"../../../../../../Users/Student/Desktop/AI Master 10-30/Content/Level01and02/Office_Chair_Chair.uasset" 486
"../../../../../../Users/Student/Desktop/AI Master 10-30/Content/Level01and02/Pallets.uasset" 487
"../../../../../../Users/Student/Desktop/AI Master 10-30/Content/Level01and02/Pen.uasset" 488
"../../../../../../Users/Student/Desktop/AI Master 10-30/Content/Level01and02/Pen1.uasset" 489
"../../../../../../Users/Student/Desktop/AI Master 10-30/Content/Level01and02/Pipe_Corner.uasset" 490
"../../../../../../Users/Student/Desktop/AI Master 10-30/Content/Level01and02/Pipe_Straight.uasset" 491
"../../../../../../Users/Student/Desktop/AI Master 10-30/Content/Level01and02/Pipe_T.uasset" 492
"../../../../../../Users/Student/Desktop/AI Master 10-30/Content/Level01and02/Pipe_X.uasset" 493
"../../../../../../Users/Student/Desktop/AI Master 10-30/Content/Level01and02/genposter.uasset" 494
"../../../../../../Users/Student/Desktop/AI Master 10-30/Content/Level01and02/Material__25.uasset" 495
"../../../../../../Users/Student/Desktop/AI Master 10-30/Content/Level01and02/postersEX_poster01.uasset" 496
"../../../../../../Users/Student/Desktop/AI Master 10-30/Content/Level01and02/genposter02.uasset" 497
"../../../../../../Users/Student/Desktop/AI Master 10-30/Content/Level01and02/Material__26.uasset" 498
"../../../../../../Users/Student/Desktop/AI Master 10-30/Content/Level01and02/postersEX_poster02.uasset" 499
"../../../../../../Users/Student/Desktop/AI Master 10-30/Content/Level01and02/postersEX_white_board001.uasset" 500
"../../../../../../Users/Student/Desktop/AI Master 10-30/Content/Level01and02/PottedBamboo.uasset" 501
"../../../../../../Users/Student/Desktop/AI Master 10-30/Content/Level01and02/PottedSucculent.uasset" 502
"../../../../../../Users/Student/Desktop/AI Master 10-30/Content/Level01and02/Cardboard.uasset" 503
"../../../../../../Users/Student/Desktop/AI Master 10-30/Content/Level01and02/RandomOfficeBits_Cardboard_Box.uasset" 504
"../../../../../../Users/Student/Desktop/AI Master 10-30/Content/Level01and02/RandomOfficeBits_Cardboard_Box_Open.uasset" 505
"../../../../../../Users/Student/Desktop/AI Master 10-30/Content/Level01and02/RandomOfficeBits_Crate-open.uasset" 506
"../../../../../../Users/Student/Desktop/AI Master 10-30/Content/Level01and02/Newsprint.uasset" 507
"../../../../../../Users/Student/Desktop/AI Master 10-30/Content/Level01and02/RandomOfficeBits_Newspaper.uasset" 508
"../../../../../../Users/Student/Desktop/AI Master 10-30/Content/Level01and02/Paper.uasset" 509
"../../../../../../Users/Student/Desktop/AI Master 10-30/Content/Level01and02/RandomOfficeBits_Paper_Ball.uasset" 510
"../../../../../../Users/Student/Desktop/AI Master 10-30/Content/Level01and02/RandomOfficeBits_Trash_Bag.uasset" 511
"../../../../../../Users/Student/Desktop/AI Master 10-30/Content/Level01and02/Trash_Can.uasset" 512
"../../../../../../Users/Student/Desktop/AI Master 10-30/Content/Level01and02/RandomOfficeBits_Trash_Can.uasset" 513
"../../../../../../Users/Student/Desktop/AI Master 10-30/Content/Level01and02/Wet_Floor.uasset" 514
"../../../../../../Users/Student/Desktop/AI Master 10-30/Content/Level01and02/RandomOfficeBits_Wet_Floor.uasset" 515
"../../../../../../Users/Student/Desktop/AI Master 10-30/Content/Level01and02/frame.uasset" 516
"../../../../../../Users/Student/Desktop/AI Master 10-30/Content/Level01and02/RatCage.uasset" 517
"../../../../../../Users/Student/Desktop/AI Master 10-30/Content/Level01and02/glass.uasset" 518
"../../../../../../Users/Student/Desktop/AI Master 10-30/Content/Level01and02/RatCageGlass.uasset" 519
"../../../../../../Users/Student/Desktop/AI Master 10-30/Content/Level01and02/RatCageGlassSide.uasset" 520
"../../../../../../Users/Student/Desktop/AI Master 10-30/Content/Level01and02/Screwdriver.uasset" 521
"../../../../../../Users/Student/Desktop/AI Master 10-30/Content/Level01and02/Sign.uasset" 522
"../../../../../../Users/Student/Desktop/AI Master 10-30/Content/Level01and02/Single_Paper.uasset" 523
"../../../../../../Users/Student/Desktop/AI Master 10-30/Content/Level01and02/smallrobot.uasset" 524
"../../../../../../Users/Student/Desktop/AI Master 10-30/Content/Level01and02/Stack_Paper.uasset" 525
"../../../../../../Users/Student/Desktop/AI Master 10-30/Content/Level01and02/Stack_Papers.uasset" 526
"../../../../../../Users/Student/Desktop/AI Master 10-30/Content/Level01and02/Syringe.uasset" 527
"../../../../../../Users/Student/Desktop/AI Master 10-30/Content/Level01and02/Table_Lamp.uasset" 528
"../../../../../../Users/Student/Desktop/AI Master 10-30/Content/Level01and02/Wrench.uasset" 529
"../../../../../../Users/Student/Desktop/AI Master 10-30/Content/Level03/Monitor_Wall.uasset" 530
"../../../../../../Users/Student/Desktop/AI Master 10-30/Content/StarterContent/Textures/T_Wood_Oak_D.uasset" 531
"../../../../../../Users/Student/Desktop/AI Master 10-30/Content/StarterContent/Textures/T_Wood_Oak_N.uasset" 532
"../../../../../../Users/Student/Desktop/AI Master 10-30/Content/StarterContent/Materials/M_Wood_Oak.uasset" 533
"../../../../../../Users/Student/Desktop/AI Master 10-30/Content/Level4/Crate.uasset" 534
"../../../../../../Users/Student/Desktop/AI Master 10-30/Content/Level1and2.umap" 535
"../../../Engine/Content/Functions/Engine_MaterialFunctions01/ImageAdjustment/CheapContrast_RGB.uasset" 536
"../../../../../../Users/Student/Desktop/AI Master 10-30/Content/StarterBundle/ModularScifiProps/Textures/T_CardReader_Diff.uasset" 537
"../../../../../../Users/Student/Desktop/AI Master 10-30/Content/StarterBundle/ModularScifiProps/Textures/T_CardReader_M.uasset" 538
"../../../../../../Users/Student/Desktop/AI Master 10-30/Content/StarterBundle/ModularScifiProps/Textures/T_CardReader_N_normals.uasset" 539
"../../../../../../Users/Student/Desktop/AI Master 10-30/Content/StarterBundle/ModularScifiProps/Textures/T_LampEmissive.uasset" 540
"../../../../../../Users/Student/Desktop/AI Master 10-30/Content/StarterBundle/ModularScifiProps/Textures/T_Metal_Brushed_M.uasset" 541
"../../../../../../Users/Student/Desktop/AI Master 10-30/Content/StarterBundle/ModularScifiProps/Textures/T_Metal_Brushed_N.uasset" 542
"../../../../../../Users/Student/Desktop/AI Master 10-30/Content/StarterBundle/ModularScifiProps/Materials/M_Base_3C.uasset" 543
"../../../../../../Users/Student/Desktop/AI Master 10-30/Content/StarterBundle/ModularScifiProps/Textures/T_AccessCard.uasset" 544
"../../../../../../Users/Student/Desktop/AI Master 10-30/Content/StarterBundle/ModularScifiProps/Textures/T_AccessCard_M.uasset" 545
"../../../../../../Users/Student/Desktop/AI Master 10-30/Content/StarterBundle/ModularScifiProps/Materials/MI_AccessCard.uasset" 546
"../../../../../../Users/Student/Desktop/AI Master 10-30/Content/StarterBundle/ModularScifiProps/Meshes/SM_AccessCard.uasset" 547
"../../../../../../Users/Student/Desktop/AI Master 10-30/Content/Level01and02/NewBlueprint.uasset" 548
"../../../../../../Users/Student/Desktop/AI Master 10-30/Content/Level01and02/SpotlightBp1.uasset" 549
"../../../../../../Users/Student/Desktop/AI Master 10-30/Content/Level03/SpotlightBp1.uasset" 550
"../../../../../../Users/Student/Desktop/AI Master 10-30/Content/Level2_BuiltData.uasset" 551
"../../../../../../Users/Student/Desktop/AI Master 10-30/Content/Level03/Drain.uasset" 552
"../../../../../../Users/Student/Desktop/AI Master 10-30/Content/Level03/Drainopac.uasset" 553
"../../../../../../Users/Student/Desktop/AI Master 10-30/Content/Level03/DrainDecal.uasset" 554
"../../../../../../Users/Student/Desktop/AI Master 10-30/Content/Level03/mat/scratch.uasset" 555
"../../../../../../Users/Student/Desktop/AI Master 10-30/Content/Level03/mat/Scratchopac.uasset" 556
"../../../../../../Users/Student/Desktop/AI Master 10-30/Content/Level03/mat/scratchdecal.uasset" 557
"../../../../../../Users/Student/Desktop/AI Master 10-30/Content/Level03/mat/WarningSign_0000_Layer-2.uasset" 558
"../../../../../../Users/Student/Desktop/AI Master 10-30/Content/Level03/mat/WarningSignOpac_0000_Layer-2.uasset" 559
"../../../../../../Users/Student/Desktop/AI Master 10-30/Content/Level03/mat/WarningSign01.uasset" 560
"../../../../../../Users/Student/Desktop/AI Master 10-30/Content/Level03/mat/WarningSign_0001_Layer-3.uasset" 561
"../../../../../../Users/Student/Desktop/AI Master 10-30/Content/Level03/mat/WarningSignOpac_0001_Layer-3.uasset" 562
"../../../../../../Users/Student/Desktop/AI Master 10-30/Content/Level03/mat/WarningSign02.uasset" 563
"../../../../../../Users/Student/Desktop/AI Master 10-30/Content/Level03/mat/WarningSign_0003_Layer-5.uasset" 564
"../../../../../../Users/Student/Desktop/AI Master 10-30/Content/Level03/mat/WarningSignOpac_0003_Layer-5.uasset" 565
"../../../../../../Users/Student/Desktop/AI Master 10-30/Content/Level03/mat/WarningSign04.uasset" 566
"../../../../../../Users/Student/Desktop/AI Master 10-30/Content/Level03/mat/WarningSign_0006_Layer-8.uasset" 567
"../../../../../../Users/Student/Desktop/AI Master 10-30/Content/Level03/mat/WarningSignOpac_0006_Layer-8.uasset" 568
"../../../../../../Users/Student/Desktop/AI Master 10-30/Content/Level03/mat/WarningSign07.uasset" 569
"../../../../../../Users/Student/Desktop/AI Master 10-30/Content/Level03/WAlldamage.uasset" 570
"../../../../../../Users/Student/Desktop/AI Master 10-30/Content/Level03/WAlldamage_Opac.uasset" 571
"../../../../../../Users/Student/Desktop/AI Master 10-30/Content/Level03/NewMaterial.uasset" 572
"../../../../../../Users/Student/Desktop/AI Master 10-30/Content/Level03/WallStain.uasset" 573
"../../../../../../Users/Student/Desktop/AI Master 10-30/Content/Level03/WallStain_Opac.uasset" 574
"../../../../../../Users/Student/Desktop/AI Master 10-30/Content/Level03/WallStainDecal.uasset" 575
"../../../../../../Users/Student/Desktop/AI Master 10-30/Content/Materials/Textures/T_Office_Carpet1_Diffuse.uasset" 576
"../../../../../../Users/Student/Desktop/AI Master 10-30/Content/Materials/Textures/T_Office_Carpet1_Normal.uasset" 577
"../../../../../../Users/Student/Desktop/AI Master 10-30/Content/Materials/Textures/T_Office_Carpet1_Roughness.uasset" 578
"../../../../../../Users/Student/Desktop/AI Master 10-30/Content/materials/Parent/M_Office_Carpet.uasset" 579
"../../../../../../Users/Student/Desktop/AI Master 10-30/Content/Materials/Textures/T_Metal3-PowderCoated_Diffuse.uasset" 580
"../../../../../../Users/Student/Desktop/AI Master 10-30/Content/Materials/Textures/T_Metal3-PowderCoated_Normal.uasset" 581
"../../../../../../Users/Student/Desktop/AI Master 10-30/Content/Materials/Textures/T_Metal3-PowderCoated_Roughness.uasset" 582
"../../../../../../Users/Student/Desktop/AI Master 10-30/Content/materials/Parent/M_PowerCoatedMetal.uasset" 583
"../../../../../../Users/Student/Desktop/AI Master 10-30/Content/materials/og.uasset" 584
"../../../../../../Users/Student/Desktop/AI Master 10-30/Content/materials/screen01.uasset" 585
"../../../../../../Users/Student/Desktop/AI Master 10-30/Content/materials/videoblocks.uasset" 586
"../../../../../../Users/Student/Desktop/AI Master 10-30/Content/materials/screen03.uasset" 587
"../../../../../../Users/Student/Desktop/AI Master 10-30/Content/StarterContent/Textures/T_Concrete_Panels_D.uasset" 588
"../../../../../../Users/Student/Desktop/AI Master 10-30/Content/StarterContent/Textures/T_Concrete_Panels_N.uasset" 589
"../../../../../../Users/Student/Desktop/AI Master 10-30/Content/StarterContent/Materials/M_Concrete_Panels.uasset" 590
"../../../../../../Users/Student/Desktop/AI Master 10-30/Content/materials/Textures/T_Concrete_Diffuse.uasset" 591
"../../../../../../Users/Student/Desktop/AI Master 10-30/Content/materials/Textures/T_Concrete_Normal.uasset" 592
"../../../../../../Users/Student/Desktop/AI Master 10-30/Content/materials/Textures/T_Concrete_Roughness.uasset" 593
"../../../../../../Users/Student/Desktop/AI Master 10-30/Content/materials/Parent/M_Concrete.uasset" 594
"../../../../../../Users/Student/Desktop/AI Master 10-30/Content/materials/Material_Instance/MI_Concrete.uasset" 595
"../../../../../../Users/Student/Desktop/AI Master 10-30/Content/materials/Parent/M_GlossyPaint.uasset" 596
"../../../../../../Users/Student/Desktop/AI Master 10-30/Content/materials/Material_Instance/MI_GlossyPaint.uasset" 597
"../../../../../../Users/Student/Desktop/AI Master 10-30/Content/materials/Material_Instance/MI_PowderCoatedMetal_Inst.uasset" 598
"../../../Engine/Content/EngineMaterials/DefaultPhysicalMaterial.uasset" 599
"../../../../../../Users/Student/Desktop/AI Master 10-30/Content/Level01/newwalls/ModularEX_DoorFrame.uasset" 600
"../../../../../../Users/Student/Desktop/AI Master 10-30/Content/Level01and02/Computer_Tower.uasset" 601
"../../../../../../Users/Student/Desktop/AI Master 10-30/Content/Level01and02/ConveyerBelt.uasset" 602
"../../../../../../Users/Student/Desktop/AI Master 10-30/Content/Level01and02/Environment_Assets_Desk.uasset" 603
"../../../../../../Users/Student/Desktop/AI Master 10-30/Content/Level01and02/Lockers.uasset" 604
"../../../../../../Users/Student/Desktop/AI Master 10-30/Content/Level01and02/ModularLevelAssets_DoorFrame.uasset" 605
"../../../../../../Users/Student/Desktop/AI Master 10-30/Content/Level01and02/Monitors_Monitor_Desk.uasset" 606
"../../../../../../Users/Student/Desktop/AI Master 10-30/Content/Level01and02/Monitors_Monitor_Wall.uasset" 607
"../../../../../../Users/Student/Desktop/AI Master 10-30/Content/Level01and02/Pallet.uasset" 608
"../../../../../../Users/Student/Desktop/AI Master 10-30/Content/Level01and02/Pallet1.uasset" 609
"../../../../../../Users/Student/Desktop/AI Master 10-30/Content/Level01and02/Pipes_Pipe_Corner.uasset" 610
"../../../../../../Users/Student/Desktop/AI Master 10-30/Content/Level01and02/Pipes_Pipe_Straight.uasset" 611
"../../../../../../Users/Student/Desktop/AI Master 10-30/Content/Level01and02/Pipes_Pipe_T.uasset" 612
"../../../../../../Users/Student/Desktop/AI Master 10-30/Content/Level01and02/powerlifter_poweredDown.uasset" 613
"../../../../../../Users/Student/Desktop/AI Master 10-30/Content/Level01and02/Single_Paper_Single_Paper.uasset" 614
"../../../../../../Users/Student/Desktop/AI Master 10-30/Content/StarterBundle/ModularScifiProps/Materials/M_Glass_Base.uasset" 615
"../../../../../../Users/Student/Desktop/AI Master 10-30/Content/Level01and02/Siren.uasset" 616
"../../../../../../Users/Student/Desktop/AI Master 10-30/Content/StarterBundle/ModularScifiProps/Textures/T_FirstAidKit_Diff.uasset" 617
"../../../../../../Users/Student/Desktop/AI Master 10-30/Content/StarterBundle/ModularScifiProps/Textures/T_FirstAidKit_M.uasset" 618
"../../../../../../Users/Student/Desktop/AI Master 10-30/Content/StarterBundle/ModularScifiProps/Textures/T_FirstAidKit_N_normals.uasset" 619
"../../../../../../Users/Student/Desktop/AI Master 10-30/Content/StarterBundle/ModularScifiProps/Materials/MI_FirstAidKit.uasset" 620
"../../../../../../Users/Student/Desktop/AI Master 10-30/Content/Level01and02/SM_FirstAidKit.uasset" 621
"../../../../../../Users/Student/Desktop/AI Master 10-30/Content/Level01and02/Tall_Stack_Paper_Tall_Stack_of_Papers.uasset" 622
"../../../../../../Users/Student/Desktop/AI Master 10-30/Content/Level01and02/Vents_Vent_Cap.uasset" 623
"../../../../../../Users/Student/Desktop/AI Master 10-30/Content/Level01and02/Vents_Vent_Straight.uasset" 624
"../../../../../../Users/Student/Desktop/AI Master 10-30/Content/Level01and02/Vents_Vent_T.uasset" 625
"../../../../../../Users/Student/Desktop/AI Master 10-30/Content/Level01and02/Wall1.uasset" 626
"../../../../../../Users/Student/Desktop/AI Master 10-30/Content/Level01and02/WarehouseDock.uasset" 627
"../../../../../../Users/Student/Desktop/AI Master 10-30/Content/Level03/2LabTable.uasset" 628
"../../../../../../Users/Student/Desktop/AI Master 10-30/Content/Level03/Big_Trashcan.uasset" 629
"../../../../../../Users/Student/Desktop/AI Master 10-30/Content/Level03/Plastic_Dark.uasset" 630
"../../../../../../Users/Student/Desktop/AI Master 10-30/Content/Level03/Big_Trashlid.uasset" 631
"../../../../../../Users/Student/Desktop/AI Master 10-30/Content/Level03/Both.uasset" 632
"../../../../../../Users/Student/Desktop/AI Master 10-30/Content/Level03/Crate.uasset" 633
"../../../../../../Users/Student/Desktop/AI Master 10-30/Content/Level03/docking_bay_all.uasset" 634
"../../../../../../Users/Student/Desktop/AI Master 10-30/Content/Level03/Dockingbaytopbottom.uasset" 635
"../../../../../../Users/Student/Desktop/AI Master 10-30/Content/Level03/DoorFrame.uasset" 636
"../../../../../../Users/Student/Desktop/AI Master 10-30/Content/Level03/Doors_and_a_Sign_Wide_Door.uasset" 637
"../../../../../../Users/Student/Desktop/AI Master 10-30/Content/Level03/Ladder.uasset" 638
"../../../../../../Users/Student/Desktop/AI Master 10-30/Content/Level03/RandomOfficeBits_Crate-cracked.uasset" 639
"../../../../../../Users/Student/Desktop/AI Master 10-30/Content/Level03/RandomOfficeBits_Crate-open.uasset" 640
"../../../../../../Users/Student/Desktop/AI Master 10-30/Content/Level03/RandomOfficeBits_Paper_Ball.uasset" 641
"../../../../../../Users/Student/Desktop/AI Master 10-30/Content/Level03/Warehouse0Stack.uasset" 642
"../../../../../../Users/Student/Desktop/AI Master 10-30/Content/Level03/Warehouse1top.uasset" 643
"../../../../../../Users/Student/Desktop/AI Master 10-30/Content/Level03/Warehouse1top1mid.uasset" 644
"../../../../../../Users/Student/Desktop/AI Master 10-30/Content/Level03/Warehouse2top.uasset" 645
"../../../../../../Users/Student/Desktop/AI Master 10-30/Content/Level03/Warehouse4stack.uasset" 646
"../../../../../../Users/Student/Desktop/AI Master 10-30/Content/StarterContent/Textures/T_Chair_M.uasset" 647
"../../../../../../Users/Student/Desktop/AI Master 10-30/Content/StarterContent/Textures/T_Chair_N.uasset" 648
"../../../../../../Users/Student/Desktop/AI Master 10-30/Content/StarterContent/Props/Materials/M_Chair.uasset" 649
"../../../../../../Users/Student/Desktop/AI Master 10-30/Content/StarterContent/Props/SM_Couch.uasset" 650
"../../../../../../Users/Student/Desktop/AI Master 10-30/Content/Level2.umap" 651
"../../../../../../Users/Student/Desktop/AI Master 10-30/Content/ThirdPersonBP/Blueprints/Characters/Mech/general_mech_Skeleton.uasset" 652
"../../../../../../Users/Student/Desktop/AI Master 10-30/Content/ThirdPersonBP/Blueprints/Characters/Mech/mech_Animations/mech_Deactivated.uasset" 653
"../../../../../../Users/Student/Desktop/AI Master 10-30/Content/ThirdPersonBP/Blueprints/Characters/Mech/mech_Animations/mech_deactivatedToIdle.uasset" 654
"../../../../../../Users/Student/Desktop/AI Master 10-30/Content/ThirdPersonBP/Blueprints/Characters/Mech/mech_Animations/mech_death.uasset" 655
"../../../../../../Users/Student/Desktop/AI Master 10-30/Content/ThirdPersonBP/Blueprints/Characters/Mech/mech_Animations/mech_idlePose.uasset" 656
"../../../../../../Users/Student/Desktop/AI Master 10-30/Content/ThirdPersonBP/Blueprints/Characters/Mech/mech_Animations/mech_idleToWalk.uasset" 657
"../../../../../../Users/Student/Desktop/AI Master 10-30/Content/ThirdPersonBP/Blueprints/Characters/Mech/mech_Animations/mech_rocketFire.uasset" 658
"../../../../../../Users/Student/Desktop/AI Master 10-30/Content/ThirdPersonBP/Blueprints/Characters/Mech/mech_Animations/mech_rocketToIdle.uasset" 659
"../../../../../../Users/Student/Desktop/AI Master 10-30/Content/ThirdPersonBP/Blueprints/Characters/Mech/mech_Animations/mech_walkLoop.uasset" 660
"../../../../../../Users/Student/Desktop/AI Master 10-30/Content/ThirdPersonBP/Blueprints/Characters/Mech/mech_Animations/mechAim/mech_aimDown.uasset" 661
"../../../../../../Users/Student/Desktop/AI Master 10-30/Content/ThirdPersonBP/Blueprints/Characters/Mech/mech_Animations/mechAim/mech_aimLeft.uasset" 662
"../../../../../../Users/Student/Desktop/AI Master 10-30/Content/ThirdPersonBP/Blueprints/Characters/Mech/mech_Animations/mechAim/mech_aimRight.uasset" 663
"../../../../../../Users/Student/Desktop/AI Master 10-30/Content/ThirdPersonBP/Blueprints/Characters/Mech/mech_Animations/mechAim/mech_aimStraight.uasset" 664
"../../../../../../Users/Student/Desktop/AI Master 10-30/Content/ThirdPersonBP/Blueprints/Characters/Mech/mech_AimBS.uasset" 665
"../../../../../../Users/Student/Desktop/AI Master 10-30/Content/ThirdPersonBP/Blueprints/Characters/Mech/mech_Textures/general_mech_unwrapped_left_side_BaseColor.uasset" 666
"../../../../../../Users/Student/Desktop/AI Master 10-30/Content/ThirdPersonBP/Blueprints/Characters/Mech/mech_Textures/general_mech_unwrapped_left_side_Emissive.uasset" 667
"../../../../../../Users/Student/Desktop/AI Master 10-30/Content/ThirdPersonBP/Blueprints/Characters/Mech/mech_Textures/general_mech_unwrapped_left_side_Normal.uasset" 668
"../../../../../../Users/Student/Desktop/AI Master 10-30/Content/ThirdPersonBP/Blueprints/Characters/Mech/mech_Textures/general_mech_unwrapped_left_side_OcclusionRoughnessMetallic.uasset" 669
"../../../../../../Users/Student/Desktop/AI Master 10-30/Content/ThirdPersonBP/Blueprints/Characters/Mech/mech_Textures/mechLeft_M.uasset" 670
"../../../../../../Users/Student/Desktop/AI Master 10-30/Content/ThirdPersonBP/Blueprints/Characters/Mech/mech_Textures/general_mech_unwrapped_right_side_BaseColor.uasset" 671
"../../../../../../Users/Student/Desktop/AI Master 10-30/Content/ThirdPersonBP/Blueprints/Characters/Mech/mech_Textures/general_mech_unwrapped_right_side_Emissive.uasset" 672
"../../../../../../Users/Student/Desktop/AI Master 10-30/Content/ThirdPersonBP/Blueprints/Characters/Mech/mech_Textures/general_mech_unwrapped_right_side_Normal.uasset" 673
"../../../../../../Users/Student/Desktop/AI Master 10-30/Content/ThirdPersonBP/Blueprints/Characters/Mech/mech_Textures/general_mech_unwrapped_right_side_OcclusionRoughnessMetallic.uasset" 674
"../../../../../../Users/Student/Desktop/AI Master 10-30/Content/ThirdPersonBP/Blueprints/Characters/Mech/mech_Textures/mechRight_M.uasset" 675
"../../../../../../Users/Student/Desktop/AI Master 10-30/Content/ThirdPersonBP/Blueprints/Characters/Mech/general_mech_PhysicsAsset.uasset" 676
"../../../../../../Users/Student/Desktop/AI Master 10-30/Content/ThirdPersonBP/Blueprints/Characters/Mech/general_mech.uasset" 677
"../../../../../../Users/Student/Desktop/AI Master 10-30/Content/ThirdPersonBP/Blueprints/Characters/Mech/mechBP.uasset" 678
"../../../../../../Users/Student/Desktop/AI Master 10-30/Content/ThirdPersonBP/Blueprints/Characters/Mech/mech_animBP.uasset" 679
"../../../../../../Users/Student/Desktop/AI Master 10-30/Content/Level4_BuiltData.uasset" 680
"../../../../../../Users/Student/Desktop/AI Master 10-30/Content/Level01/material/boardEX_1001_Emissive.uasset" 681
"../../../../../../Users/Student/Desktop/AI Master 10-30/Content/Level01/material/boardEX_1001_Normal.uasset" 682
"../../../../../../Users/Student/Desktop/AI Master 10-30/Content/Level01/material/boardEX_1001_OcclusionRoughnessMetallic.uasset" 683
"../../../../../../Users/Student/Desktop/AI Master 10-30/Content/Level01/material/whiteboard.uasset" 684
"../../../../../../Users/Student/Desktop/AI Master 10-30/Content/Materials/Textures/T_Tile1-B-floor_Diffuse.uasset" 685
"../../../../../../Users/Student/Desktop/AI Master 10-30/Content/Materials/Textures/T_Tile1-B-floor_Normal.uasset" 686
"../../../../../../Users/Student/Desktop/AI Master 10-30/Content/Materials/Textures/T_Tile1-B-floor_Roughness.uasset" 687
"../../../../../../Users/Student/Desktop/AI Master 10-30/Content/materials/Parent/M_Bathroom_Tiles_Floor1.uasset" 688
"../../../../../../Users/Student/Desktop/AI Master 10-30/Content/materials/Parent/M_EmissiveBase.uasset" 689
"../../../../../../Users/Student/Desktop/AI Master 10-30/Content/materials/Textures/T_Ceiling-Tile_Office1_Diffuse.uasset" 690
"../../../../../../Users/Student/Desktop/AI Master 10-30/Content/materials/Textures/T_Ceiling-Tile_Office1_Normal.uasset" 691
"../../../../../../Users/Student/Desktop/AI Master 10-30/Content/materials/Textures/T_Ceiling-Tile_Office1_Roughness.uasset" 692
"../../../../../../Users/Student/Desktop/AI Master 10-30/Content/materials/Parent/M_OfficeCeilingsCross.uasset" 693
"../../../../../../Users/Student/Desktop/AI Master 10-30/Content/Materials/Textures/T_Wood1-Oak_Diffuse.uasset" 694
"../../../../../../Users/Student/Desktop/AI Master 10-30/Content/Materials/Textures/T_Wood1-Oak_Normal.uasset" 695
"../../../../../../Users/Student/Desktop/AI Master 10-30/Content/Materials/Textures/T_Wood1-Oak_Roughness.uasset" 696
"../../../../../../Users/Student/Desktop/AI Master 10-30/Content/materials/Parent/M_Wood-Oak.uasset" 697
"../../../../../../Users/Student/Desktop/AI Master 10-30/Content/materials/ScreenShot00000.uasset" 698
"../../../../../../Users/Student/Desktop/AI Master 10-30/Content/materials/screen05.uasset" 699
"../../../../../../Users/Student/Desktop/AI Master 10-30/Content/materials/smudge2.uasset" 700
"../../../../../../Users/Student/Desktop/AI Master 10-30/Content/materials/smudge2OP.uasset" 701
"../../../../../../Users/Student/Desktop/AI Master 10-30/Content/materials/smudge3.uasset" 702
"../../../../../../Users/Student/Desktop/AI Master 10-30/Content/materials/smudge4.uasset" 703
"../../../../../../Users/Student/Desktop/AI Master 10-30/Content/StarterContent/Textures/T_Concrete_Tiles_D.uasset" 704
"../../../../../../Users/Student/Desktop/AI Master 10-30/Content/StarterContent/Textures/T_Concrete_Tiles_M.uasset" 705
"../../../../../../Users/Student/Desktop/AI Master 10-30/Content/StarterContent/Textures/T_Concrete_Tiles_N.uasset" 706
"../../../../../../Users/Student/Desktop/AI Master 10-30/Content/StarterContent/Textures/T_Concrete_Tiles_Variation_M.uasset" 707
"../../../../../../Users/Student/Desktop/AI Master 10-30/Content/StarterContent/Materials/M_Concrete_Tiles.uasset" 708
"../../../../../../Users/Student/Desktop/AI Master 10-30/Content/Materials/Textures/T_Tile3-white-tiles_Diffuse.uasset" 709
"../../../../../../Users/Student/Desktop/AI Master 10-30/Content/Materials/Textures/T_Tile3-white-tiles_Normal.uasset" 710
"../../../../../../Users/Student/Desktop/AI Master 10-30/Content/Materials/Textures/T_Tile3-white-tiles_Roughness.uasset" 711
"../../../../../../Users/Student/Desktop/AI Master 10-30/Content/Materials/Parent/M_Bathroom_Tiles_Floor3.uasset" 712
"../../../../../../Users/Student/Desktop/AI Master 10-30/Content/materials/Material_Instance/MI_Bathroom_Tile_Floor3.uasset" 713
"../../../../../../Users/Student/Desktop/AI Master 10-30/Content/Materials/Textures/T_Cardboard_Texture_Diffuse.uasset" 714
"../../../../../../Users/Student/Desktop/AI Master 10-30/Content/Materials/Textures/T_Cardboard_Texture_Normal.uasset" 715
"../../../../../../Users/Student/Desktop/AI Master 10-30/Content/Materials/Textures/T_Cardboard_Texture_Roughness.uasset" 716
"../../../../../../Users/Student/Desktop/AI Master 10-30/Content/Materials/Parent/M_Cardboard_Box.uasset" 717
"../../../../../../Users/Student/Desktop/AI Master 10-30/Content/materials/Material_Instance/MI_Cardboard_Box2.uasset" 718
"../../../../../../Users/Student/Desktop/AI Master 10-30/Content/Materials/Textures/T_HardPlasticBlack1_Diffuse.uasset" 719
"../../../../../../Users/Student/Desktop/AI Master 10-30/Content/Materials/Textures/T_HardPlasticBlack1_Normal.uasset" 720
"../../../../../../Users/Student/Desktop/AI Master 10-30/Content/Materials/Textures/T_HardPlasticBlack1_Roughness.uasset" 721
"../../../../../../Users/Student/Desktop/AI Master 10-30/Content/materials/Material_Instance/MI_Hard_Plastic_Black_Inst.uasset" 722
"../../../../../../Users/Student/Desktop/AI Master 10-30/Content/materials/Material_Instance/MI_Metal-Dirty.uasset" 723
"../../../../../../Users/Student/Desktop/AI Master 10-30/Content/Materials/Textures/T_Metal2-Seamless_Diffuse.uasset" 724
"../../../../../../Users/Student/Desktop/AI Master 10-30/Content/Materials/Textures/T_Metal2-Seamless_Normal.uasset" 725
"../../../../../../Users/Student/Desktop/AI Master 10-30/Content/Materials/Textures/T_Metal2-Seamless_Roughness.uasset" 726
"../../../../../../Users/Student/Desktop/AI Master 10-30/Content/materials/Material_Instance/MI_Metal_scratches.uasset" 727
"../../../../../../Users/Student/Desktop/AI Master 10-30/Content/materials/Material_Instance/MI_Office_Carpet.uasset" 728
"../../../../../../Users/Student/Desktop/AI Master 10-30/Content/Level01/2LabTable.uasset" 729
"../../../../../../Users/Student/Desktop/AI Master 10-30/Content/Level01/AS_KeyBoard.uasset" 730
"../../../../../../Users/Student/Desktop/AI Master 10-30/Content/Level01/AS_Lab_File_Cabinet_Lab_File_Cabinet.uasset" 731
"../../../../../../Users/Student/Desktop/AI Master 10-30/Content/Level01/AS_Logitech_Mouse_Logitech_Mouse_Finish.uasset" 732
"../../../../../../Users/Student/Desktop/AI Master 10-30/Content/Level01/frame.uasset" 733
"../../../../../../Users/Student/Desktop/AI Master 10-30/Content/Level01/AS_RatCage_RatCageFrame.uasset" 734
"../../../../../../Users/Student/Desktop/AI Master 10-30/Content/Level01/Doors_and_a_Sign_Wide_Door.uasset" 735
"../../../../../../Users/Student/Desktop/AI Master 10-30/Content/Level01/Monitor_Desk.uasset" 736
"../../../../../../Users/Student/Desktop/AI Master 10-30/Content/Level01/newwalls/ModularEX_hallFrame.uasset" 737
"../../../../../../Users/Student/Desktop/AI Master 10-30/Content/Level01/newwalls/ModularEX_WallDoor.uasset" 738
"../../../../../../Users/Student/Desktop/AI Master 10-30/Content/Level01/Material__3.uasset" 739
"../../../../../../Users/Student/Desktop/AI Master 10-30/Content/Level01/Material__4.uasset" 740
"../../../../../../Users/Student/Desktop/AI Master 10-30/Content/Level01/newwalls/Unwrapped_Hall_hallCorner.uasset" 741
"../../../../../../Users/Student/Desktop/AI Master 10-30/Content/Level01/newwalls/Unwrapped_Hall_straight.uasset" 742
"../../../../../../Users/Student/Desktop/AI Master 10-30/Content/Level01/newwalls/Unwrapped_Hall_StraightDoor.uasset" 743
"../../../../../../Users/Student/Desktop/AI Master 10-30/Content/Level01/obj_printer.uasset" 744
"../../../../../../Users/Student/Desktop/AI Master 10-30/Content/Level01/Cloth.uasset" 745
"../../../../../../Users/Student/Desktop/AI Master 10-30/Content/Level01/Metal.uasset" 746
"../../../../../../Users/Student/Desktop/AI Master 10-30/Content/Level01/Plastic.uasset" 747
"../../../../../../Users/Student/Desktop/AI Master 10-30/Content/Level01/Office_Chair_Chair.uasset" 748
"../../../../../../Users/Student/Desktop/AI Master 10-30/Content/Level01/Pipe_Straight.uasset" 749
"../../../../../../Users/Student/Desktop/AI Master 10-30/Content/Level01/PottedSucculent.uasset" 750
"../../../../../../Users/Student/Desktop/AI Master 10-30/Content/Level01/Props/Environment_Assets_Chute.uasset" 751
"../../../../../../Users/Student/Desktop/AI Master 10-30/Content/Level01/Newsprint.uasset" 752
"../../../../../../Users/Student/Desktop/AI Master 10-30/Content/Level01/RandomOfficeBits_Newspaper.uasset" 753
"../../../../../../Users/Student/Desktop/AI Master 10-30/Content/Level01/Trash_Can.uasset" 754
"../../../../../../Users/Student/Desktop/AI Master 10-30/Content/Level01/RandomOfficeBits_Trash_Can.uasset" 755
"../../../../../../Users/Student/Desktop/AI Master 10-30/Content/Level01/Single_Paper.uasset" 756
"../../../../../../Users/Student/Desktop/AI Master 10-30/Content/Level03/Pallet.uasset" 757
"../../../../../../Users/Student/Desktop/AI Master 10-30/Content/Level03/lambert1.uasset" 758
"../../../../../../Users/Student/Desktop/AI Master 10-30/Content/Level03/powerlifter_poweredDown.uasset" 759
"../../../../../../Users/Student/Desktop/AI Master 10-30/Content/Level4/2LabTable.uasset" 760
"../../../../../../Users/Student/Desktop/AI Master 10-30/Content/Level4/Big_Machine.uasset" 761
"../../../../../../Users/Student/Desktop/AI Master 10-30/Content/Level4/bioPodBase.uasset" 762
"../../../../../../Users/Student/Desktop/AI Master 10-30/Content/Level4/CatWalk.uasset" 763
"../../../../../../Users/Student/Desktop/AI Master 10-30/Content/Level4/ClipBoard1.uasset" 764
"../../../../../../Users/Student/Desktop/AI Master 10-30/Content/Level4/ConveyerBeltL.uasset" 765
"../../../../../../Users/Student/Desktop/AI Master 10-30/Content/Level4/Drill.uasset" 766
"../../../../../../Users/Student/Desktop/AI Master 10-30/Content/Level4/elivator.uasset" 767
"../../../../../../Users/Student/Desktop/AI Master 10-30/Content/Level4/elivator_Sink.uasset" 768
"../../../../../../Users/Student/Desktop/AI Master 10-30/Content/Level4/elivatorcart.uasset" 769
"../../../../../../Users/Student/Desktop/AI Master 10-30/Content/Level4/Floor_ceiling.uasset" 770
"../../../../../../Users/Student/Desktop/AI Master 10-30/Content/Level4/gun_muzzle.uasset" 771
"../../../../../../Users/Student/Desktop/AI Master 10-30/Content/Level4/Hammer.uasset" 772
"../../../../../../Users/Student/Desktop/AI Master 10-30/Content/Level4/labTable.uasset" 773
"../../../../../../Users/Student/Desktop/AI Master 10-30/Content/Level4/Clean_Metal.uasset" 774
"../../../../../../Users/Student/Desktop/AI Master 10-30/Content/Level4/Hard_Plastic.uasset" 775
"../../../../../../Users/Student/Desktop/AI Master 10-30/Content/Level4/Painted_Metal.uasset" 776
"../../../../../../Users/Student/Desktop/AI Master 10-30/Content/Level4/Rubber.uasset" 777
"../../../../../../Users/Student/Desktop/AI Master 10-30/Content/Level4/Lockers_Microscope_Drillpress_UVCol_Drill_press.uasset" 778
"../../../../../../Users/Student/Desktop/AI Master 10-30/Content/Level4/Dial.uasset" 779
"../../../../../../Users/Student/Desktop/AI Master 10-30/Content/Level4/Handle.uasset" 780
"../../../../../../Users/Student/Desktop/AI Master 10-30/Content/Level4/Main.uasset" 781
"../../../../../../Users/Student/Desktop/AI Master 10-30/Content/Level4/Lockers_Microscope_Drillpress_UVCol_Lockers.uasset" 782
"../../../../../../Users/Student/Desktop/AI Master 10-30/Content/Level4/Microscope.uasset" 783
"../../../../../../Users/Student/Desktop/AI Master 10-30/Content/Level4/Monitor_Desk.uasset" 784
"../../../../../../Users/Student/Desktop/AI Master 10-30/Content/Level4/Monitor_Wall.uasset" 785
"../../../../../../Users/Student/Desktop/AI Master 10-30/Content/Level4/obj_printer.uasset" 786
"../../../../../../Users/Student/Desktop/AI Master 10-30/Content/Level4/Pen.uasset" 787
"../../../../../../Users/Student/Desktop/AI Master 10-30/Content/Level4/Pen1.uasset" 788
"../../../../../../Users/Student/Desktop/AI Master 10-30/Content/Level4/PottedBamboo.uasset" 789
"../../../../../../Users/Student/Desktop/AI Master 10-30/Content/Level4/PottedSucculent.uasset" 790
"../../../../../../Users/Student/Desktop/AI Master 10-30/Content/Level4/railing.uasset" 791
"../../../../../../Users/Student/Desktop/AI Master 10-30/Content/Level4/receptionDesk.uasset" 792
"../../../../../../Users/Student/Desktop/AI Master 10-30/Content/Level4/Screwdriver.uasset" 793
"../../../../../../Users/Student/Desktop/AI Master 10-30/Content/Level4/Syringe.uasset" 794
"../../../../../../Users/Student/Desktop/AI Master 10-30/Content/Level4/Table_Lamp.uasset" 795
"../../../../../../Users/Student/Desktop/AI Master 10-30/Content/Level4/Metal_ncl1_4.uasset" 796
"../../../../../../Users/Student/Desktop/AI Master 10-30/Content/Level4/Painted_Steel.uasset" 797
"../../../../../../Users/Student/Desktop/AI Master 10-30/Content/Level4/Plate.uasset" 798
"../../../../../../Users/Student/Desktop/AI Master 10-30/Content/Level4/Tools_and_Machines_UVCol_CNC_Machine.uasset" 799
"../../../../../../Users/Student/Desktop/AI Master 10-30/Content/Level4/Hard_Plastic_ncl1_1.uasset" 800
"../../../../../../Users/Student/Desktop/AI Master 10-30/Content/Level4/Metal_ncl1_5.uasset" 801
"../../../../../../Users/Student/Desktop/AI Master 10-30/Content/Level4/Tools_and_Machines_UVCol_Lathe.uasset" 802
"../../../../../../Users/Student/Desktop/AI Master 10-30/Content/Level4/Vent_Cap.uasset" 803
"../../../../../../Users/Student/Desktop/AI Master 10-30/Content/Level4/Vent_Corner.uasset" 804
"../../../../../../Users/Student/Desktop/AI Master 10-30/Content/Level4/Vent_Straight.uasset" 805
"../../../../../../Users/Student/Desktop/AI Master 10-30/Content/Level4/Vent_T.uasset" 806
"../../../../../../Users/Student/Desktop/AI Master 10-30/Content/Level4/Vent_X.uasset" 807
"../../../../../../Users/Student/Desktop/AI Master 10-30/Content/Level4/Wall.uasset" 808
"../../../../../../Users/Student/Desktop/AI Master 10-30/Content/Level4/Wall1.uasset" 809
"../../../../../../Users/Student/Desktop/AI Master 10-30/Content/Level4/Metal_painted.uasset" 810
"../../../../../../Users/Student/Desktop/AI Master 10-30/Content/Level4/Plastic_ncl1_2.uasset" 811
"../../../../../../Users/Student/Desktop/AI Master 10-30/Content/Level4/Whiteboard_and_Washroom_UVCol_Bench.uasset" 812
"../../../../../../Users/Student/Desktop/AI Master 10-30/Content/Level4/Metal_ncl1_2.uasset" 813
"../../../../../../Users/Student/Desktop/AI Master 10-30/Content/Level4/Whiteboard_and_Washroom_UVCol_Eye_wash.uasset" 814
"../../../../../../Users/Student/Desktop/AI Master 10-30/Content/Level4/Material__84.uasset" 815
"../../../../../../Users/Student/Desktop/AI Master 10-30/Content/Level4/Plastic_ncl1_1.uasset" 816
"../../../../../../Users/Student/Desktop/AI Master 10-30/Content/Level4/Shower_Floor.uasset" 817
"../../../../../../Users/Student/Desktop/AI Master 10-30/Content/Level4/Tile_Wall.uasset" 818
"../../../../../../Users/Student/Desktop/AI Master 10-30/Content/Level4/Whiteboard_and_Washroom_UVCol_Shower.uasset" 819
"../../../../../../Users/Student/Desktop/AI Master 10-30/Content/Level4/Metal_ncl1_1.uasset" 820
"../../../../../../Users/Student/Desktop/AI Master 10-30/Content/Level4/Plastic.uasset" 821
"../../../../../../Users/Student/Desktop/AI Master 10-30/Content/Level4/Whiteboard_and_Washroom_UVCol_Stalll.uasset" 822
"../../../../../../Users/Student/Desktop/AI Master 10-30/Content/Level4/Wrench.uasset" 823
"../../../../../../Users/Student/Desktop/AI Master 10-30/Content/Level4.umap" 824
"../../../../../../Users/Student/Desktop/AI Master 10-30/Content/Level01/materials/c4_DefaultMaterial_BaseColor.uasset" 825
"../../../../../../Users/Student/Desktop/AI Master 10-30/Content/Level01/materials/c4_DefaultMaterial_OcclusionRoughnessMetallic.uasset" 826
"../../../../../../Users/Student/Desktop/AI Master 10-30/Content/Level01and02/materials/c4_DefaultMaterial_Normal.uasset" 827
"../../../../../../Users/Student/Desktop/AI Master 10-30/Content/Level01and02/materials/C4.uasset" 828
"../../../../../../Users/Student/Desktop/AI Master 10-30/Content/Level01/Props/c4.uasset" 829
"../../../../../../Users/Student/Desktop/AI Master 10-30/Content/Level01and02/c4.uasset" 830
"../../../../../../Users/Student/Desktop/AI Master 10-30/Content/ThirdPersonBP/Blueprints/Characters/GigaRat/gigaRat_base_Skeleton.uasset" 831
"../../../../../../Users/Student/Desktop/AI Master 10-30/Content/ThirdPersonBP/Blueprints/Characters/GigaRat/GigaRat_animations/gigaRat_Death.uasset" 832
"../../../../../../Users/Student/Desktop/AI Master 10-30/Content/ThirdPersonBP/Blueprints/Characters/GigaRat/GigaRat_animations/gigaRat_firstSpotted.uasset" 833
"../../../../../../Users/Student/Desktop/AI Master 10-30/Content/ThirdPersonBP/Blueprints/Characters/GigaRat/GigaRat_animations/gigaRat_jumpAttack.uasset" 834
"../../../../../../Users/Student/Desktop/AI Master 10-30/Content/ThirdPersonBP/Blueprints/Characters/GigaRat/GigaRat_animations/gigaRat_walkCycle.uasset" 835
"../../../../../../Users/Student/Desktop/AI Master 10-30/Content/ThirdPersonBP/Blueprints/Characters/GigaRat/gigaRat_animBP.uasset" 836
"../../../../../../Users/Student/Desktop/AI Master 10-30/Content/ThirdPersonBP/Blueprints/Characters/GigaRat/GigaRat_textures/GigaRat_mesh_full_BaseColor.uasset" 837
"../../../../../../Users/Student/Desktop/AI Master 10-30/Content/ThirdPersonBP/Blueprints/Characters/GigaRat/GigaRat_textures/GigaRat_mesh_full_Normal.uasset" 838
"../../../../../../Users/Student/Desktop/AI Master 10-30/Content/ThirdPersonBP/Blueprints/Characters/GigaRat/GigaRat_textures/GigaRat_mesh_full_OcclusionRoughnessMetallic.uasset" 839
"../../../../../../Users/Student/Desktop/AI Master 10-30/Content/ThirdPersonBP/Blueprints/Characters/GigaRat/GigaRat_textures/GigaRat_M.uasset" 840
"../../../../../../Users/Student/Desktop/AI Master 10-30/Content/ThirdPersonBP/Blueprints/Characters/GigaRat/gigaRat_base_PhysicsAsset.uasset" 841
"../../../../../../Users/Student/Desktop/AI Master 10-30/Content/ThirdPersonBP/Blueprints/Characters/GigaRat/gigaRat_base.uasset" 842
"../../../../../../Users/Student/Desktop/AI Master 10-30/Content/ThirdPersonBP/Blueprints/Characters/GigaRat/GigaRat_BP.uasset" 843
"../../../../../../Users/Student/Desktop/AI Master 10-30/Content/ThirdPersonBP/Blueprints/ThirdPersonGameMode.uasset" 844
"../../../../../../Users/Student/Desktop/AI Master 10-30/Content/ThirdPersonBP/Blueprints/UI/Objective1.uasset" 845
"../../../../../../Users/Student/Desktop/AI Master 10-30/Content/ThirdPersonBP/Blueprints/UI/Objective2.uasset" 846
"../../../../../../Users/Student/Desktop/AI Master 10-30/Content/ThirdPersonBP/Blueprints/UI/Objective3.uasset" 847
"../../../../../../Users/Student/Desktop/AI Master 10-30/Content/ThirdPersonBP/Blueprints/UI/Objective4.uasset" 848
"../../../../../../Users/Student/Desktop/AI Master 10-30/Content/ThirdPersonBP/Blueprints/UI/Objective5.uasset" 849
"../../../../../../Users/Student/Desktop/AI Master 10-30/Content/ThirdPersonBP/Maps/ThirdPersonExampleMap_BuiltData.uasset" 850
"../../../../../../Users/Student/Desktop/AI Master 10-30/Content/Level03/Doors_and_a_Sign_Small_door.uasset" 851
"../../../../../../Users/Student/Desktop/AI Master 10-30/Content/ThirdPersonBP/Maps/ThirdPersonExampleMap.umap" 852
"../../../../../../Users/Student/Desktop/AI Master 10-30/Content/ThirdPersonBP/Maps/ThirdPersonExampleMap2_BuiltData.uasset" 853
"../../../../../../Users/Student/Desktop/AI Master 10-30/Content/StarterContent/Textures/T_Ceramic_Tile_M.uasset" 854
"../../../../../../Users/Student/Desktop/AI Master 10-30/Content/StarterContent/Textures/T_Ceramic_Tile_N.uasset" 855
"../../../../../../Users/Student/Desktop/AI Master 10-30/Content/StarterContent/Textures/T_Rock_Marble_Polished_D.uasset" 856
"../../../../../../Users/Student/Desktop/AI Master 10-30/Content/StarterContent/Materials/M_Ceramic_Tile_Checker.uasset" 857
"../../../../../../Users/Student/Desktop/AI Master 10-30/Content/StarterContent/Materials/M_Metal_BrushREded_Nickel1.uasset" 858
"../../../../../../Users/Student/Desktop/AI Master 10-30/Content/ThirdPersonBP/Maps/ThirdPersonExampleMap2.umap" 859
"../../../Engine/Content/Maps/Entry_BuiltData.uasset" 860
"../../../Engine/Content/Maps/Entry.umap" 861
